<?xml version="1.0" encoding="UTF-8"?>
<robot generator="Robot 7.4.2 (Python 3.11.14 on linux)" generated="2026-08-01T17:27:49.405807" rpa="false" schemaversion="5">
<suite id="s1" name="Api" source="/home/logesh/Coding/Projects/pandas-kitchen/tests/api">
<suite id="s1-s1" name="01 Auth" source="/home/logesh/Coding/Projects/pandas-kitchen/tests/api/01_auth.robot">
<kw name="Create API Session" owner="keywords" type="SETUP">
<kw name="Create Session" owner="RequestsLibrary">
<msg time="2026-08-01T17:27:49.503767" level="INFO">Creating Session using : alias=api, url=http://localhost:3001/api/v1, headers={},                     cookies={}, auth=None, timeout=None, proxies=None, verify=False,                     debug=0 </msg>
<arg>api</arg>
<arg>${API_URL}</arg>
<arg>verify=False</arg>
<doc>Create Session: create a HTTP session to a server</doc>
<status status="PASS" start="2026-08-01T17:27:49.503632" elapsed="0.000260"/>
</kw>
<status status="PASS" start="2026-08-01T17:27:49.503301" elapsed="0.000644"/>
</kw>
<test id="s1-s1-t1" name="TC-AUTH-01 Staff Login With Valid Credentials" line="10">
<kw name="Create Dictionary" owner="BuiltIn">
<msg time="2026-08-01T17:27:49.504513" level="INFO">${body} = {'email': 'admin@pandaskitchen.com', 'password': 'admin123'}</msg>
<var>${body}</var>
<arg>email=${STAFF_EMAIL}</arg>
<arg>password=${STAFF_PASSWORD}</arg>
<doc>Creates and returns a dictionary based on the given ``items``.</doc>
<status status="PASS" start="2026-08-01T17:27:49.504212" elapsed="0.000319"/>
</kw>
<kw name="POST On Session" owner="RequestsLibrary">
<msg time="2026-08-01T17:27:49.611374" level="INFO">POST Request : url=http://localhost:3001/api/v1/auth/login 
 path_url=/api/v1/auth/login 
 headers={'User-Agent': 'python-requests/2.34.2', 'Accept-Encoding': 'gzip, deflate', 'Accept': '*/*', 'Connection': 'keep-alive', 'Content-Length': '60', 'Content-Type': 'application/json'} 
 body=b'{"email": "admin@pandaskitchen.com", "password": "admin123"}' 
 </msg>
<msg time="2026-08-01T17:27:49.611462" level="INFO">POST Response : url=http://localhost:3001/api/v1/auth/login 
 status=201, reason=Created 
 headers={'X-Powered-By': 'Express', 'Vary': 'Origin', 'Access-Control-Allow-Credentials': 'true', 'X-RateLimit-Limit': '100', 'X-RateLimit-Remaining': '99', 'X-RateLimit-Reset': '60', 'Content-Type': 'application/json; charset=utf-8', 'Content-Length': '841', 'ETag': 'W/"349-JxXJvyYrdaS7IbG/CykrzqtubGQ"', 'Date': 'Sat, 01 Aug 2026 11:57:49 GMT', 'Connection': 'keep-alive', 'Keep-Alive': 'timeout=5'} 
 body={"accessToken":"eyJhbGciOiJIUzI1NiIsInR5cCI6IkpXVCJ9.eyJzdWIiOiJjbXMzanJpemkwMDAyOXR2cWNudDNuZW5tIiwiZW1haWwiOiJhZG1pbkBwYW5kYXNraXRjaGVuLmNvbSIsInJvbGUiOiJSRVNUQVVSQU5UX09XTkVSIiwicmVzdGF1cmFudElkIjoiY21zM2pyaXhoMDAwMDl0dnFqdmNpOGk1eSIsImJyYW5jaElkIjoibWFpbi1icmFuY2giLCJpYXQiOjE3ODU1ODU0NjksImV4cCI6MTc4NTU4NjM2OX0.MeKxXeGLpsAHBy-vejqSuP4LmQ4EQ5zZTwEj5wOwugo","refreshToken":"eyJhbGciOiJIUzI1NiIsInR5cCI6IkpXVCJ9.eyJzdWIiOiJjbXMzanJpemkwMDAyOXR2cWNudDNuZW5tIiwiZW1haWwiOiJhZG1pbkBwYW5kYXNraXRjaGVuLmNvbSIsInJvbGUiOiJSRVNUQVVSQU5UX09XTkVSIiwicmVzdGF1cmFudElkIjoiY21zM2pyaXhoMDAwMDl0dnFqdmNpOGk1eSIsImJyYW5jaElkIjoibWFpbi1icmFuY2giLCJpYXQiOjE3ODU1ODU0NjksImV4cCI6MTc4ODE3NzQ2OX0.S0bAyb6HlfdNp8ksQd9Knpa99HAKfmASE_6wy7qa6KM","user":{"id":"cms3jrizi00029tvqcnt3nenm","name":"Admin","email":"admin@pandaskitchen.com","role":"RESTAURANT_OWNER"}} 
 </msg>
<msg time="2026-08-01T17:27:49.611569" level="INFO">${resp} = &lt;Response [201]&gt;</msg>
<var>${resp}</var>
<arg>api</arg>
<arg>/auth/login</arg>
<arg>json=${body}</arg>
<doc>Sends a POST request on a previously created HTTP Session.</doc>
<status status="PASS" start="2026-08-01T17:27:49.504605" elapsed="0.106982"/>
</kw>
<kw name="Assert Status" owner="keywords">
<kw name="Should Be Equal As Integers" owner="BuiltIn">
<msg time="2026-08-01T17:27:49.612970" level="INFO">Argument types are:
&lt;class 'int'&gt;
&lt;class 'str'&gt;</msg>
<msg time="2026-08-01T17:27:49.613054" level="FAIL">Expected 200 got 201: {"accessToken":"eyJhbGciOiJIUzI1NiIsInR5cCI6IkpXVCJ9.eyJzdWIiOiJjbXMzanJpemkwMDAyOXR2cWNudDNuZW5tIiwiZW1haWwiOiJhZG1pbkBwYW5kYXNraXRjaGVuLmNvbSIsInJvbGUiOiJSRVNUQVVSQU5UX09XTkVSIiwicmVzdGF1cmFudElkIjoiY21zM2pyaXhoMDAwMDl0dnFqdmNpOGk1eSIsImJyYW5jaElkIjoibWFpbi1icmFuY2giLCJpYXQiOjE3ODU1ODU0NjksImV4cCI6MTc4NTU4NjM2OX0.MeKxXeGLpsAHBy-vejqSuP4LmQ4EQ5zZTwEj5wOwugo","refreshToken":"eyJhbGciOiJIUzI1NiIsInR5cCI6IkpXVCJ9.eyJzdWIiOiJjbXMzanJpemkwMDAyOXR2cWNudDNuZW5tIiwiZW1haWwiOiJhZG1pbkBwYW5kYXNraXRjaGVuLmNvbSIsInJvbGUiOiJSRVNUQVVSQU5UX09XTkVSIiwicmVzdGF1cmFudElkIjoiY21zM2pyaXhoMDAwMDl0dnFqdmNpOGk1eSIsImJyYW5jaElkIjoibWFpbi1icmFuY2giLCJpYXQiOjE3ODU1ODU0NjksImV4cCI6MTc4ODE3NzQ2OX0.S0bAyb6HlfdNp8ksQd9Knpa99HAKfmASE_6wy7qa6KM","user":{"id":"cms3jrizi00029tvqcnt3nenm","name":"Admin","email":"admin@pandaskitchen.com","role":"RESTAURANT_OWNER"}}: 201 != 200</msg>
<arg>${resp.status_code}</arg>
<arg>${expected}</arg>
<arg>msg=Expected ${expected} got ${resp.status_code}: ${resp.text}</arg>
<doc>Fails if objects are unequal after converting them to integers.</doc>
<status status="FAIL" start="2026-08-01T17:27:49.612028" elapsed="0.001140">Expected 200 got 201: {"accessToken":"eyJhbGciOiJIUzI1NiIsInR5cCI6IkpXVCJ9.eyJzdWIiOiJjbXMzanJpemkwMDAyOXR2cWNudDNuZW5tIiwiZW1haWwiOiJhZG1pbkBwYW5kYXNraXRjaGVuLmNvbSIsInJvbGUiOiJSRVNUQVVSQU5UX09XTkVSIiwicmVzdGF1cmFudElkIjoiY21zM2pyaXhoMDAwMDl0dnFqdmNpOGk1eSIsImJyYW5jaElkIjoibWFpbi1icmFuY2giLCJpYXQiOjE3ODU1ODU0NjksImV4cCI6MTc4NTU4NjM2OX0.MeKxXeGLpsAHBy-vejqSuP4LmQ4EQ5zZTwEj5wOwugo","refreshToken":"eyJhbGciOiJIUzI1NiIsInR5cCI6IkpXVCJ9.eyJzdWIiOiJjbXMzanJpemkwMDAyOXR2cWNudDNuZW5tIiwiZW1haWwiOiJhZG1pbkBwYW5kYXNraXRjaGVuLmNvbSIsInJvbGUiOiJSRVNUQVVSQU5UX09XTkVSIiwicmVzdGF1cmFudElkIjoiY21zM2pyaXhoMDAwMDl0dnFqdmNpOGk1eSIsImJyYW5jaElkIjoibWFpbi1icmFuY2giLCJpYXQiOjE3ODU1ODU0NjksImV4cCI6MTc4ODE3NzQ2OX0.S0bAyb6HlfdNp8ksQd9Knpa99HAKfmASE_6wy7qa6KM","user":{"id":"cms3jrizi00029tvqcnt3nenm","name":"Admin","email":"admin@pandaskitchen.com","role":"RESTAURANT_OWNER"}}: 201 != 200</status>
</kw>
<arg>${resp}</arg>
<arg>200</arg>
<status status="FAIL" start="2026-08-01T17:27:49.611753" elapsed="0.001507">Expected 200 got 201: {"accessToken":"eyJhbGciOiJIUzI1NiIsInR5cCI6IkpXVCJ9.eyJzdWIiOiJjbXMzanJpemkwMDAyOXR2cWNudDNuZW5tIiwiZW1haWwiOiJhZG1pbkBwYW5kYXNraXRjaGVuLmNvbSIsInJvbGUiOiJSRVNUQVVSQU5UX09XTkVSIiwicmVzdGF1cmFudElkIjoiY21zM2pyaXhoMDAwMDl0dnFqdmNpOGk1eSIsImJyYW5jaElkIjoibWFpbi1icmFuY2giLCJpYXQiOjE3ODU1ODU0NjksImV4cCI6MTc4NTU4NjM2OX0.MeKxXeGLpsAHBy-vejqSuP4LmQ4EQ5zZTwEj5wOwugo","refreshToken":"eyJhbGciOiJIUzI1NiIsInR5cCI6IkpXVCJ9.eyJzdWIiOiJjbXMzanJpemkwMDAyOXR2cWNudDNuZW5tIiwiZW1haWwiOiJhZG1pbkBwYW5kYXNraXRjaGVuLmNvbSIsInJvbGUiOiJSRVNUQVVSQU5UX09XTkVSIiwicmVzdGF1cmFudElkIjoiY21zM2pyaXhoMDAwMDl0dnFqdmNpOGk1eSIsImJyYW5jaElkIjoibWFpbi1icmFuY2giLCJpYXQiOjE3ODU1ODU0NjksImV4cCI6MTc4ODE3NzQ2OX0.S0bAyb6HlfdNp8ksQd9Knpa99HAKfmASE_6wy7qa6KM","user":{"id":"cms3jrizi00029tvqcnt3nenm","name":"Admin","email":"admin@pandaskitchen.com","role":"RESTAURANT_OWNER"}}: 201 != 200</status>
</kw>
<kw name="Assert Response Has Key" owner="keywords">
<arg>${resp.json()}</arg>
<arg>accessToken</arg>
<status status="NOT RUN" start="2026-08-01T17:27:49.613371" elapsed="0.000018"/>
</kw>
<kw name="Assert Response Has Key" owner="keywords">
<arg>${resp.json()}</arg>
<arg>refreshToken</arg>
<status status="NOT RUN" start="2026-08-01T17:27:49.613469" elapsed="0.000020"/>
</kw>
<kw name="Log" owner="BuiltIn">
<arg>Login OK: token=${resp.json()["accessToken"][:20]}...</arg>
<doc>Logs the given message with the given level.</doc>
<status status="NOT RUN" start="2026-08-01T17:27:49.613559" elapsed="0.000013"/>
</kw>
<tag>auth</tag>
<tag>smoke</tag>
<status status="FAIL" start="2026-08-01T17:27:49.503983" elapsed="0.109678">Expected 200 got 201: {"accessToken":"eyJhbGciOiJIUzI1NiIsInR5cCI6IkpXVCJ9.eyJzdWIiOiJjbXMzanJpemkwMDAyOXR2cWNudDNuZW5tIiwiZW1haWwiOiJhZG1pbkBwYW5kYXNraXRjaGVuLmNvbSIsInJvbGUiOiJSRVNUQVVSQU5UX09XTkVSIiwicmVzdGF1cmFudElkIjoiY21zM2pyaXhoMDAwMDl0dnFqdmNpOGk1eSIsImJyYW5jaElkIjoibWFpbi1icmFuY2giLCJpYXQiOjE3ODU1ODU0NjksImV4cCI6MTc4NTU4NjM2OX0.MeKxXeGLpsAHBy-vejqSuP4LmQ4EQ5zZTwEj5wOwugo","refreshToken":"eyJhbGciOiJIUzI1NiIsInR5cCI6IkpXVCJ9.eyJzdWIiOiJjbXMzanJpemkwMDAyOXR2cWNudDNuZW5tIiwiZW1haWwiOiJhZG1pbkBwYW5kYXNraXRjaGVuLmNvbSIsInJvbGUiOiJSRVNUQVVSQU5UX09XTkVSIiwicmVzdGF1cmFudElkIjoiY21zM2pyaXhoMDAwMDl0dnFqdmNpOGk1eSIsImJyYW5jaElkIjoibWFpbi1icmFuY2giLCJpYXQiOjE3ODU1ODU0NjksImV4cCI6MTc4ODE3NzQ2OX0.S0bAyb6HlfdNp8ksQd9Knpa99HAKfmASE_6wy7qa6KM","user":{"id":"cms3jrizi00029tvqcnt3nenm","name":"Admin","email":"admin@pandaskitchen.com","role":"RESTAURANT_OWNER"}}: 201 != 200</status>
</test>
<test id="s1-s1-t2" name="TC-AUTH-02 Staff Login With Wrong Password Returns 401" line="19">
<kw name="Create Dictionary" owner="BuiltIn">
<msg time="2026-08-01T17:27:49.614357" level="INFO">${body} = {'email': 'admin@pandaskitchen.com', 'password': 'wrongpassword'}</msg>
<var>${body}</var>
<arg>email=${STAFF_EMAIL}</arg>
<arg>password=wrongpassword</arg>
<doc>Creates and returns a dictionary based on the given ``items``.</doc>
<status status="PASS" start="2026-08-01T17:27:49.614077" elapsed="0.000298"/>
</kw>
<kw name="POST On Session" owner="RequestsLibrary">
<msg time="2026-08-01T17:27:49.679380" level="INFO">POST Request : url=http://localhost:3001/api/v1/auth/login 
 path_url=/api/v1/auth/login 
 headers={'User-Agent': 'python-requests/2.34.2', 'Accept-Encoding': 'gzip, deflate', 'Accept': '*/*', 'Connection': 'keep-alive', 'Content-Length': '65', 'Content-Type': 'application/json'} 
 body=b'{"email": "admin@pandaskitchen.com", "password": "wrongpassword"}' 
 </msg>
<msg time="2026-08-01T17:27:49.679444" level="INFO">POST Response : url=http://localhost:3001/api/v1/auth/login 
 status=401, reason=Unauthorized 
 headers={'X-Powered-By': 'Express', 'Vary': 'Origin', 'Access-Control-Allow-Credentials': 'true', 'X-RateLimit-Limit': '100', 'X-RateLimit-Remaining': '98', 'X-RateLimit-Reset': '59', 'Content-Type': 'application/json; charset=utf-8', 'Content-Length': '140', 'ETag': 'W/"8c-LHDz7hJr/R7VzoC3GtQw2ViwrMI"', 'Date': 'Sat, 01 Aug 2026 11:57:49 GMT', 'Connection': 'keep-alive', 'Keep-Alive': 'timeout=5'} 
 body={"statusCode":401,"timestamp":"2026-08-01T11:57:49.678Z","path":"/api/v1/auth/login","message":"Invalid credentials","error":"Unauthorized"} 
 </msg>
<msg time="2026-08-01T17:27:49.679547" level="INFO">${resp} = &lt;Response [401]&gt;</msg>
<var>${resp}</var>
<arg>api</arg>
<arg>/auth/login</arg>
<arg>json=${body}</arg>
<arg>expected_status=any</arg>
<doc>Sends a POST request on a previously created HTTP Session.</doc>
<status status="PASS" start="2026-08-01T17:27:49.614440" elapsed="0.065124"/>
</kw>
<kw name="Assert Status" owner="keywords">
<kw name="Should Be Equal As Integers" owner="BuiltIn">
<msg time="2026-08-01T17:27:49.680838" level="INFO">Argument types are:
&lt;class 'int'&gt;
&lt;class 'str'&gt;</msg>
<arg>${resp.status_code}</arg>
<arg>${expected}</arg>
<arg>msg=Expected ${expected} got ${resp.status_code}: ${resp.text}</arg>
<doc>Fails if objects are unequal after converting them to integers.</doc>
<status status="PASS" start="2026-08-01T17:27:49.679957" elapsed="0.000938"/>
</kw>
<arg>${resp}</arg>
<arg>401</arg>
<status status="PASS" start="2026-08-01T17:27:49.679720" elapsed="0.001221"/>
</kw>
<tag>auth</tag>
<tag>negative</tag>
<status status="PASS" start="2026-08-01T17:27:49.613850" elapsed="0.067158"/>
</test>
<test id="s1-s1-t3" name="TC-AUTH-03 Staff Login With Unknown Email Returns 401" line="25">
<kw name="Create Dictionary" owner="BuiltIn">
<msg time="2026-08-01T17:27:49.681567" level="INFO">${body} = {'email': 'nobody@nowhere.com', 'password': 'whatever'}</msg>
<var>${body}</var>
<arg>email=nobody@nowhere.com</arg>
<arg>password=whatever</arg>
<doc>Creates and returns a dictionary based on the given ``items``.</doc>
<status status="PASS" start="2026-08-01T17:27:49.681364" elapsed="0.000218"/>
</kw>
<kw name="POST On Session" owner="RequestsLibrary">
<msg time="2026-08-01T17:27:49.686137" level="INFO">POST Request : url=http://localhost:3001/api/v1/auth/login 
 path_url=/api/v1/auth/login 
 headers={'User-Agent': 'python-requests/2.34.2', 'Accept-Encoding': 'gzip, deflate', 'Accept': '*/*', 'Connection': 'keep-alive', 'Content-Length': '55', 'Content-Type': 'application/json'} 
 body=b'{"email": "nobody@nowhere.com", "password": "whatever"}' 
 </msg>
<msg time="2026-08-01T17:27:49.686208" level="INFO">POST Response : url=http://localhost:3001/api/v1/auth/login 
 status=401, reason=Unauthorized 
 headers={'X-Powered-By': 'Express', 'Vary': 'Origin', 'Access-Control-Allow-Credentials': 'true', 'X-RateLimit-Limit': '100', 'X-RateLimit-Remaining': '97', 'X-RateLimit-Reset': '59', 'Content-Type': 'application/json; charset=utf-8', 'Content-Length': '140', 'ETag': 'W/"8c-2u3L2fl16HbhXy6UMz0rug393Ko"', 'Date': 'Sat, 01 Aug 2026 11:57:49 GMT', 'Connection': 'keep-alive', 'Keep-Alive': 'timeout=5'} 
 body={"statusCode":401,"timestamp":"2026-08-01T11:57:49.685Z","path":"/api/v1/auth/login","message":"Invalid credentials","error":"Unauthorized"} 
 </msg>
<msg time="2026-08-01T17:27:49.686301" level="INFO">${resp} = &lt;Response [401]&gt;</msg>
<var>${resp}</var>
<arg>api</arg>
<arg>/auth/login</arg>
<arg>json=${body}</arg>
<arg>expected_status=any</arg>
<doc>Sends a POST request on a previously created HTTP Session.</doc>
<status status="PASS" start="2026-08-01T17:27:49.681641" elapsed="0.004678"/>
</kw>
<kw name="Should Be True" owner="BuiltIn">
<arg>${resp.status_code} in [401, 404]</arg>
<doc>Fails if the given condition is not true.</doc>
<status status="PASS" start="2026-08-01T17:27:49.686446" elapsed="0.000555"/>
</kw>
<tag>auth</tag>
<tag>negative</tag>
<status status="PASS" start="2026-08-01T17:27:49.681143" elapsed="0.005933"/>
</test>
<test id="s1-s1-t4" name="TC-AUTH-04 Get Current User Profile Requires Auth" line="31">
<kw name="Staff Login And Get Token" owner="keywords">
<kw name="Create API Session" owner="keywords">
<kw name="Create Session" owner="RequestsLibrary">
<msg time="2026-08-01T17:27:49.688007" level="INFO">Creating Session using : alias=api, url=http://localhost:3001/api/v1, headers={},                     cookies={}, auth=None, timeout=None, proxies=None, verify=False,                     debug=0 </msg>
<arg>api</arg>
<arg>${API_URL}</arg>
<arg>verify=False</arg>
<doc>Create Session: create a HTTP session to a server</doc>
<status status="PASS" start="2026-08-01T17:27:49.687893" elapsed="0.000227"/>
</kw>
<status status="PASS" start="2026-08-01T17:27:49.687645" elapsed="0.000532"/>
</kw>
<kw name="Create Dictionary" owner="BuiltIn">
<msg time="2026-08-01T17:27:49.688473" level="INFO">${body} = {'email': 'admin@pandaskitchen.com', 'password': 'admin123'}</msg>
<var>${body}</var>
<arg>email=${STAFF_EMAIL}</arg>
<arg>password=${STAFF_PASSWORD}</arg>
<doc>Creates and returns a dictionary based on the given ``items``.</doc>
<status status="PASS" start="2026-08-01T17:27:49.688239" elapsed="0.000249"/>
</kw>
<kw name="POST On Session" owner="RequestsLibrary">
<msg time="2026-08-01T17:27:49.772819" level="INFO">POST Request : url=http://localhost:3001/api/v1/auth/login 
 path_url=/api/v1/auth/login 
 headers={'User-Agent': 'python-requests/2.34.2', 'Accept-Encoding': 'gzip, deflate', 'Accept': '*/*', 'Connection': 'keep-alive', 'Content-Length': '60', 'Content-Type': 'application/json'} 
 body=b'{"email": "admin@pandaskitchen.com", "password": "admin123"}' 
 </msg>
<msg time="2026-08-01T17:27:49.772892" level="INFO">POST Response : url=http://localhost:3001/api/v1/auth/login 
 status=201, reason=Created 
 headers={'X-Powered-By': 'Express', 'Vary': 'Origin', 'Access-Control-Allow-Credentials': 'true', 'X-RateLimit-Limit': '100', 'X-RateLimit-Remaining': '96', 'X-RateLimit-Reset': '59', 'Content-Type': 'application/json; charset=utf-8', 'Content-Length': '841', 'ETag': 'W/"349-JxXJvyYrdaS7IbG/CykrzqtubGQ"', 'Date': 'Sat, 01 Aug 2026 11:57:49 GMT', 'Connection': 'keep-alive', 'Keep-Alive': 'timeout=5'} 
 body={"accessToken":"eyJhbGciOiJIUzI1NiIsInR5cCI6IkpXVCJ9.eyJzdWIiOiJjbXMzanJpemkwMDAyOXR2cWNudDNuZW5tIiwiZW1haWwiOiJhZG1pbkBwYW5kYXNraXRjaGVuLmNvbSIsInJvbGUiOiJSRVNUQVVSQU5UX09XTkVSIiwicmVzdGF1cmFudElkIjoiY21zM2pyaXhoMDAwMDl0dnFqdmNpOGk1eSIsImJyYW5jaElkIjoibWFpbi1icmFuY2giLCJpYXQiOjE3ODU1ODU0NjksImV4cCI6MTc4NTU4NjM2OX0.MeKxXeGLpsAHBy-vejqSuP4LmQ4EQ5zZTwEj5wOwugo","refreshToken":"eyJhbGciOiJIUzI1NiIsInR5cCI6IkpXVCJ9.eyJzdWIiOiJjbXMzanJpemkwMDAyOXR2cWNudDNuZW5tIiwiZW1haWwiOiJhZG1pbkBwYW5kYXNraXRjaGVuLmNvbSIsInJvbGUiOiJSRVNUQVVSQU5UX09XTkVSIiwicmVzdGF1cmFudElkIjoiY21zM2pyaXhoMDAwMDl0dnFqdmNpOGk1eSIsImJyYW5jaElkIjoibWFpbi1icmFuY2giLCJpYXQiOjE3ODU1ODU0NjksImV4cCI6MTc4ODE3NzQ2OX0.S0bAyb6HlfdNp8ksQd9Knpa99HAKfmASE_6wy7qa6KM","user":{"id":"cms3jrizi00029tvqcnt3nenm","name":"Admin","email":"admin@pandaskitchen.com","role":"RESTAURANT_OWNER"}} 
 </msg>
<msg time="2026-08-01T17:27:49.773088" level="INFO">${resp} = &lt;Response [201]&gt;</msg>
<var>${resp}</var>
<arg>api</arg>
<arg>/auth/login</arg>
<arg>json=${body}</arg>
<doc>Sends a POST request on a previously created HTTP Session.</doc>
<status status="PASS" start="2026-08-01T17:27:49.688557" elapsed="0.084571"/>
</kw>
<kw name="Should Be Equal As Integers" owner="BuiltIn">
<msg time="2026-08-01T17:27:49.773748" level="INFO">Argument types are:
&lt;class 'int'&gt;
&lt;class 'str'&gt;</msg>
<msg time="2026-08-01T17:27:49.773831" level="FAIL">201 != 200</msg>
<arg>${resp.status_code}</arg>
<arg>200</arg>
<doc>Fails if objects are unequal after converting them to integers.</doc>
<status status="FAIL" start="2026-08-01T17:27:49.773268" elapsed="0.000621">201 != 200</status>
</kw>
<kw name="Get From Dictionary" owner="Collections">
<var>${token}</var>
<arg>${resp.json()}</arg>
<arg>accessToken</arg>
<doc>Returns a value from the given ``dictionary`` based on the given ``key``.</doc>
<status status="NOT RUN" start="2026-08-01T17:27:49.773977" elapsed="0.000016"/>
</kw>
<return>
<value>${token}</value>
<status status="NOT RUN" start="2026-08-01T17:27:49.774028" elapsed="0.000019"/>
</return>
<var>${token}</var>
<status status="FAIL" start="2026-08-01T17:27:49.687496" elapsed="0.086637">201 != 200</status>
</kw>
<kw name="Get Auth Headers" owner="keywords">
<var>${headers}</var>
<arg>${token}</arg>
<status status="NOT RUN" start="2026-08-01T17:27:49.774270" elapsed="0.000019"/>
</kw>
<kw name="GET On Session" owner="RequestsLibrary">
<var>${resp}</var>
<arg>api</arg>
<arg>/auth/me</arg>
<arg>headers=${headers}</arg>
<doc>Sends a GET request on a previously created HTTP Session.</doc>
<status status="NOT RUN" start="2026-08-01T17:27:49.774357" elapsed="0.000014"/>
</kw>
<kw name="Assert Status" owner="keywords">
<arg>${resp}</arg>
<arg>200</arg>
<status status="NOT RUN" start="2026-08-01T17:27:49.774456" elapsed="0.000021"/>
</kw>
<kw name="Assert Response Has Key" owner="keywords">
<arg>${resp.json()}</arg>
<arg>email</arg>
<status status="NOT RUN" start="2026-08-01T17:27:49.774556" elapsed="0.000015"/>
</kw>
<kw name="Should Be Equal" owner="BuiltIn">
<arg>${resp.json()["email"]}</arg>
<arg>${STAFF_EMAIL}</arg>
<doc>Fails if the given objects are unequal.</doc>
<status status="NOT RUN" start="2026-08-01T17:27:49.774636" elapsed="0.000014"/>
</kw>
<tag>auth</tag>
<tag>smoke</tag>
<status status="FAIL" start="2026-08-01T17:27:49.687224" elapsed="0.087535">201 != 200</status>
</test>
<test id="s1-s1-t5" name="TC-AUTH-05 Protected Endpoint Fails Without Token" line="40">
<kw name="GET On Session" owner="RequestsLibrary">
<msg time="2026-08-01T17:27:49.779594" level="INFO">GET Request : url=http://localhost:3001/api/v1/auth/me 
 path_url=/api/v1/auth/me 
 headers={'User-Agent': 'python-requests/2.34.2', 'Accept-Encoding': 'gzip, deflate', 'Accept': '*/*', 'Connection': 'keep-alive'} 
 body=None 
 </msg>
<msg time="2026-08-01T17:27:49.779666" level="INFO">GET Response : url=http://localhost:3001/api/v1/auth/me 
 status=401, reason=Unauthorized 
 headers={'X-Powered-By': 'Express', 'Vary': 'Origin', 'Access-Control-Allow-Credentials': 'true', 'X-RateLimit-Limit': '100', 'X-RateLimit-Remaining': '99', 'X-RateLimit-Reset': '60', 'Content-Type': 'application/json; charset=utf-8', 'Content-Length': '142', 'ETag': 'W/"8e-mVIaRH1bgYvCtpZN2IoJfeYvfxw"', 'Date': 'Sat, 01 Aug 2026 11:57:49 GMT', 'Connection': 'keep-alive', 'Keep-Alive': 'timeout=5'} 
 body={"statusCode":401,"timestamp":"2026-08-01T11:57:49.778Z","path":"/api/v1/auth/me","message":"Invalid or missing token","error":"Unauthorized"} 
 </msg>
<msg time="2026-08-01T17:27:49.779768" level="INFO">${resp} = &lt;Response [401]&gt;</msg>
<var>${resp}</var>
<arg>api</arg>
<arg>/auth/me</arg>
<arg>expected_status=any</arg>
<doc>Sends a GET request on a previously created HTTP Session.</doc>
<status status="PASS" start="2026-08-01T17:27:49.775175" elapsed="0.004616"/>
</kw>
<kw name="Assert Status" owner="keywords">
<kw name="Should Be Equal As Integers" owner="BuiltIn">
<msg time="2026-08-01T17:27:49.781233" level="INFO">Argument types are:
&lt;class 'int'&gt;
&lt;class 'str'&gt;</msg>
<arg>${resp.status_code}</arg>
<arg>${expected}</arg>
<arg>msg=Expected ${expected} got ${resp.status_code}: ${resp.text}</arg>
<doc>Fails if objects are unequal after converting them to integers.</doc>
<status status="PASS" start="2026-08-01T17:27:49.780248" elapsed="0.001034"/>
</kw>
<arg>${resp}</arg>
<arg>401</arg>
<status status="PASS" start="2026-08-01T17:27:49.779953" elapsed="0.001379"/>
</kw>
<tag>auth</tag>
<tag>security</tag>
<status status="PASS" start="2026-08-01T17:27:49.774904" elapsed="0.006501"/>
</test>
<test id="s1-s1-t6" name="TC-AUTH-06 Token Refresh Works" line="45">
<kw name="Create Dictionary" owner="BuiltIn">
<msg time="2026-08-01T17:27:49.782063" level="INFO">${body} = {'email': 'admin@pandaskitchen.com', 'password': 'admin123'}</msg>
<var>${body}</var>
<arg>email=${STAFF_EMAIL}</arg>
<arg>password=${STAFF_PASSWORD}</arg>
<doc>Creates and returns a dictionary based on the given ``items``.</doc>
<status status="PASS" start="2026-08-01T17:27:49.781769" elapsed="0.000314"/>
</kw>
<kw name="POST On Session" owner="RequestsLibrary">
<msg time="2026-08-01T17:27:49.852343" level="INFO">POST Request : url=http://localhost:3001/api/v1/auth/login 
 path_url=/api/v1/auth/login 
 headers={'User-Agent': 'python-requests/2.34.2', 'Accept-Encoding': 'gzip, deflate', 'Accept': '*/*', 'Connection': 'keep-alive', 'Content-Length': '60', 'Content-Type': 'application/json'} 
 body=b'{"email": "admin@pandaskitchen.com", "password": "admin123"}' 
 </msg>
<msg time="2026-08-01T17:27:49.852445" level="INFO">POST Response : url=http://localhost:3001/api/v1/auth/login 
 status=201, reason=Created 
 headers={'X-Powered-By': 'Express', 'Vary': 'Origin', 'Access-Control-Allow-Credentials': 'true', 'X-RateLimit-Limit': '100', 'X-RateLimit-Remaining': '95', 'X-RateLimit-Reset': '59', 'Content-Type': 'application/json; charset=utf-8', 'Content-Length': '841', 'ETag': 'W/"349-JxXJvyYrdaS7IbG/CykrzqtubGQ"', 'Date': 'Sat, 01 Aug 2026 11:57:49 GMT', 'Connection': 'keep-alive', 'Keep-Alive': 'timeout=5'} 
 body={"accessToken":"eyJhbGciOiJIUzI1NiIsInR5cCI6IkpXVCJ9.eyJzdWIiOiJjbXMzanJpemkwMDAyOXR2cWNudDNuZW5tIiwiZW1haWwiOiJhZG1pbkBwYW5kYXNraXRjaGVuLmNvbSIsInJvbGUiOiJSRVNUQVVSQU5UX09XTkVSIiwicmVzdGF1cmFudElkIjoiY21zM2pyaXhoMDAwMDl0dnFqdmNpOGk1eSIsImJyYW5jaElkIjoibWFpbi1icmFuY2giLCJpYXQiOjE3ODU1ODU0NjksImV4cCI6MTc4NTU4NjM2OX0.MeKxXeGLpsAHBy-vejqSuP4LmQ4EQ5zZTwEj5wOwugo","refreshToken":"eyJhbGciOiJIUzI1NiIsInR5cCI6IkpXVCJ9.eyJzdWIiOiJjbXMzanJpemkwMDAyOXR2cWNudDNuZW5tIiwiZW1haWwiOiJhZG1pbkBwYW5kYXNraXRjaGVuLmNvbSIsInJvbGUiOiJSRVNUQVVSQU5UX09XTkVSIiwicmVzdGF1cmFudElkIjoiY21zM2pyaXhoMDAwMDl0dnFqdmNpOGk1eSIsImJyYW5jaElkIjoibWFpbi1icmFuY2giLCJpYXQiOjE3ODU1ODU0NjksImV4cCI6MTc4ODE3NzQ2OX0.S0bAyb6HlfdNp8ksQd9Knpa99HAKfmASE_6wy7qa6KM","user":{"id":"cms3jrizi00029tvqcnt3nenm","name":"Admin","email":"admin@pandaskitchen.com","role":"RESTAURANT_OWNER"}} 
 </msg>
<msg time="2026-08-01T17:27:49.852579" level="INFO">${resp} = &lt;Response [201]&gt;</msg>
<var>${resp}</var>
<arg>api</arg>
<arg>/auth/login</arg>
<arg>json=${body}</arg>
<doc>Sends a POST request on a previously created HTTP Session.</doc>
<status status="PASS" start="2026-08-01T17:27:49.782168" elapsed="0.070433"/>
</kw>
<kw name="Get From Dictionary" owner="Collections">
<msg time="2026-08-01T17:27:49.853441" level="INFO">${refresh_token} = eyJhbGciOiJIUzI1NiIsInR5cCI6IkpXVCJ9.eyJzdWIiOiJjbXMzanJpemkwMDAyOXR2cWNudDNuZW5tIiwiZW1haWwiOiJhZG1pbkBwYW5kYXNraXRjaGVuLmNvbSIsInJvbGUiOiJSRVNUQVVSQU5UX09XTkVSIiwicmVzdGF1cmFudElkIjoiY21zM2pyaXhoMDA...</msg>
<var>${refresh_token}</var>
<arg>${resp.json()}</arg>
<arg>refreshToken</arg>
<doc>Returns a value from the given ``dictionary`` based on the given ``key``.</doc>
<status status="PASS" start="2026-08-01T17:27:49.852772" elapsed="0.000700"/>
</kw>
<kw name="Create Dictionary" owner="BuiltIn">
<msg time="2026-08-01T17:27:49.853995" level="INFO">${refresh_body} = {'refreshToken': 'eyJhbGciOiJIUzI1NiIsInR5cCI6IkpXVCJ9.eyJzdWIiOiJjbXMzanJpemkwMDAyOXR2cWNudDNuZW5tIiwiZW1haWwiOiJhZG1pbkBwYW5kYXNraXRjaGVuLmNvbSIsInJvbGUiOiJSRVNUQVVSQU5UX09XTkVSIiwicmVzdGF1cmFudElkI...</msg>
<var>${refresh_body}</var>
<arg>refreshToken=${refresh_token}</arg>
<doc>Creates and returns a dictionary based on the given ``items``.</doc>
<status status="PASS" start="2026-08-01T17:27:49.853622" elapsed="0.000484"/>
</kw>
<kw name="POST On Session" owner="RequestsLibrary">
<msg time="2026-08-01T17:27:49.869228" level="INFO">POST Request : url=http://localhost:3001/api/v1/auth/refresh 
 path_url=/api/v1/auth/refresh 
 headers={'User-Agent': 'python-requests/2.34.2', 'Accept-Encoding': 'gzip, deflate', 'Accept': '*/*', 'Connection': 'keep-alive', 'Content-Length': '364', 'Content-Type': 'application/json'} 
 body=b'{"refreshToken": "eyJhbGciOiJIUzI1NiIsInR5cCI6IkpXVCJ9.eyJzdWIiOiJjbXMzanJpemkwMDAyOXR2cWNudDNuZW5tIiwiZW1haWwiOiJhZG1pbkBwYW5kYXNraXRjaGVuLmNvbSIsInJvbGUiOiJSRVNUQVVSQU5UX09XTkVSIiwicmVzdGF1cmFudElkIjoiY21zM2pyaXhoMDAwMDl0dnFqdmNpOGk1eSIsImJyYW5jaElkIjoibWFpbi1icmFuY2giLCJpYXQiOjE3ODU1ODU0NjksImV4cCI6MTc4ODE3NzQ2OX0.S0bAyb6HlfdNp8ksQd9Knpa99HAKfmASE_6wy7qa6KM"}' 
 </msg>
<msg time="2026-08-01T17:27:49.869294" level="INFO">POST Response : url=http://localhost:3001/api/v1/auth/refresh 
 status=201, reason=Created 
 headers={'X-Powered-By': 'Express', 'Vary': 'Origin', 'Access-Control-Allow-Credentials': 'true', 'X-RateLimit-Limit': '100', 'X-RateLimit-Remaining': '99', 'X-RateLimit-Reset': '60', 'Content-Type': 'application/json; charset=utf-8', 'Content-Length': '362', 'ETag': 'W/"16a-h03ScO7zPbO0m479Chf67sys5r4"', 'Date': 'Sat, 01 Aug 2026 11:57:49 GMT', 'Connection': 'keep-alive', 'Keep-Alive': 'timeout=5'} 
 body={"accessToken":"eyJhbGciOiJIUzI1NiIsInR5cCI6IkpXVCJ9.eyJzdWIiOiJjbXMzanJpemkwMDAyOXR2cWNudDNuZW5tIiwiZW1haWwiOiJhZG1pbkBwYW5kYXNraXRjaGVuLmNvbSIsInJvbGUiOiJSRVNUQVVSQU5UX09XTkVSIiwicmVzdGF1cmFudElkIjoiY21zM2pyaXhoMDAwMDl0dnFqdmNpOGk1eSIsImJyYW5jaElkIjoibWFpbi1icmFuY2giLCJpYXQiOjE3ODU1ODU0NjksImV4cCI6MTc4NTU4NjM2OX0.MeKxXeGLpsAHBy-vejqSuP4LmQ4EQ5zZTwEj5wOwugo"} 
 </msg>
<msg time="2026-08-01T17:27:49.869384" level="INFO">${refresh_resp} = &lt;Response [201]&gt;</msg>
<var>${refresh_resp}</var>
<arg>api</arg>
<arg>/auth/refresh</arg>
<arg>json=${refresh_body}</arg>
<doc>Sends a POST request on a previously created HTTP Session.</doc>
<status status="PASS" start="2026-08-01T17:27:49.854223" elapsed="0.015176"/>
</kw>
<kw name="Assert Status" owner="keywords">
<kw name="Should Be Equal As Integers" owner="BuiltIn">
<msg time="2026-08-01T17:27:49.870777" level="INFO">Argument types are:
&lt;class 'int'&gt;
&lt;class 'str'&gt;</msg>
<msg time="2026-08-01T17:27:49.870857" level="FAIL">Expected 200 got 201: {"accessToken":"eyJhbGciOiJIUzI1NiIsInR5cCI6IkpXVCJ9.eyJzdWIiOiJjbXMzanJpemkwMDAyOXR2cWNudDNuZW5tIiwiZW1haWwiOiJhZG1pbkBwYW5kYXNraXRjaGVuLmNvbSIsInJvbGUiOiJSRVNUQVVSQU5UX09XTkVSIiwicmVzdGF1cmFudElkIjoiY21zM2pyaXhoMDAwMDl0dnFqdmNpOGk1eSIsImJyYW5jaElkIjoibWFpbi1icmFuY2giLCJpYXQiOjE3ODU1ODU0NjksImV4cCI6MTc4NTU4NjM2OX0.MeKxXeGLpsAHBy-vejqSuP4LmQ4EQ5zZTwEj5wOwugo"}: 201 != 200</msg>
<arg>${resp.status_code}</arg>
<arg>${expected}</arg>
<arg>msg=Expected ${expected} got ${resp.status_code}: ${resp.text}</arg>
<doc>Fails if objects are unequal after converting them to integers.</doc>
<status status="FAIL" start="2026-08-01T17:27:49.869759" elapsed="0.001153">Expected 200 got 201: {"accessToken":"eyJhbGciOiJIUzI1NiIsInR5cCI6IkpXVCJ9.eyJzdWIiOiJjbXMzanJpemkwMDAyOXR2cWNudDNuZW5tIiwiZW1haWwiOiJhZG1pbkBwYW5kYXNraXRjaGVuLmNvbSIsInJvbGUiOiJSRVNUQVVSQU5UX09XTkVSIiwicmVzdGF1cmFudElkIjoiY21zM2pyaXhoMDAwMDl0dnFqdmNpOGk1eSIsImJyYW5jaElkIjoibWFpbi1icmFuY2giLCJpYXQiOjE3ODU1ODU0NjksImV4cCI6MTc4NTU4NjM2OX0.MeKxXeGLpsAHBy-vejqSuP4LmQ4EQ5zZTwEj5wOwugo"}: 201 != 200</status>
</kw>
<arg>${refresh_resp}</arg>
<arg>200</arg>
<status status="FAIL" start="2026-08-01T17:27:49.869545" elapsed="0.001447">Expected 200 got 201: {"accessToken":"eyJhbGciOiJIUzI1NiIsInR5cCI6IkpXVCJ9.eyJzdWIiOiJjbXMzanJpemkwMDAyOXR2cWNudDNuZW5tIiwiZW1haWwiOiJhZG1pbkBwYW5kYXNraXRjaGVuLmNvbSIsInJvbGUiOiJSRVNUQVVSQU5UX09XTkVSIiwicmVzdGF1cmFudElkIjoiY21zM2pyaXhoMDAwMDl0dnFqdmNpOGk1eSIsImJyYW5jaElkIjoibWFpbi1icmFuY2giLCJpYXQiOjE3ODU1ODU0NjksImV4cCI6MTc4NTU4NjM2OX0.MeKxXeGLpsAHBy-vejqSuP4LmQ4EQ5zZTwEj5wOwugo"}: 201 != 200</status>
</kw>
<kw name="Assert Response Has Key" owner="keywords">
<arg>${refresh_resp.json()}</arg>
<arg>accessToken</arg>
<status status="NOT RUN" start="2026-08-01T17:27:49.871108" elapsed="0.000016"/>
</kw>
<tag>auth</tag>
<tag>smoke</tag>
<status status="FAIL" start="2026-08-01T17:27:49.781532" elapsed="0.089672">Expected 200 got 201: {"accessToken":"eyJhbGciOiJIUzI1NiIsInR5cCI6IkpXVCJ9.eyJzdWIiOiJjbXMzanJpemkwMDAyOXR2cWNudDNuZW5tIiwiZW1haWwiOiJhZG1pbkBwYW5kYXNraXRjaGVuLmNvbSIsInJvbGUiOiJSRVNUQVVSQU5UX09XTkVSIiwicmVzdGF1cmFudElkIjoiY21zM2pyaXhoMDAwMDl0dnFqdmNpOGk1eSIsImJyYW5jaElkIjoibWFpbi1icmFuY2giLCJpYXQiOjE3ODU1ODU0NjksImV4cCI6MTc4NTU4NjM2OX0.MeKxXeGLpsAHBy-vejqSuP4LmQ4EQ5zZTwEj5wOwugo"}: 201 != 200</status>
</test>
<test id="s1-s1-t7" name="TC-AUTH-07 Login Missing Fields Returns 400" line="55">
<kw name="Create Dictionary" owner="BuiltIn">
<msg time="2026-08-01T17:27:49.871733" level="INFO">${body} = {'email': 'admin@pandaskitchen.com'}</msg>
<var>${body}</var>
<arg>email=${STAFF_EMAIL}</arg>
<doc>Creates and returns a dictionary based on the given ``items``.</doc>
<status status="PASS" start="2026-08-01T17:27:49.871520" elapsed="0.000227"/>
</kw>
<kw name="POST On Session" owner="RequestsLibrary">
<msg time="2026-08-01T17:27:49.875013" level="INFO">POST Request : url=http://localhost:3001/api/v1/auth/login 
 path_url=/api/v1/auth/login 
 headers={'User-Agent': 'python-requests/2.34.2', 'Accept-Encoding': 'gzip, deflate', 'Accept': '*/*', 'Connection': 'keep-alive', 'Content-Length': '36', 'Content-Type': 'application/json'} 
 body=b'{"email": "admin@pandaskitchen.com"}' 
 </msg>
<msg time="2026-08-01T17:27:49.875061" level="INFO">POST Response : url=http://localhost:3001/api/v1/auth/login 
 status=400, reason=Bad Request 
 headers={'X-Powered-By': 'Express', 'Vary': 'Origin', 'Access-Control-Allow-Credentials': 'true', 'X-RateLimit-Limit': '100', 'X-RateLimit-Remaining': '94', 'X-RateLimit-Reset': '59', 'Content-Type': 'application/json; charset=utf-8', 'Content-Length': '203', 'ETag': 'W/"cb-0BkealNmpqQVG9wbpmfI5slpmeo"', 'Date': 'Sat, 01 Aug 2026 11:57:49 GMT', 'Connection': 'keep-alive', 'Keep-Alive': 'timeout=5'} 
 body={"statusCode":400,"timestamp":"2026-08-01T11:57:49.874Z","path":"/api/v1/auth/login","message":["password must be longer than or equal to 6 characters","password must be a string"],"error":"Bad Request"} 
 </msg>
<msg time="2026-08-01T17:27:49.875136" level="INFO">${resp} = &lt;Response [400]&gt;</msg>
<var>${resp}</var>
<arg>api</arg>
<arg>/auth/login</arg>
<arg>json=${body}</arg>
<arg>expected_status=any</arg>
<doc>Sends a POST request on a previously created HTTP Session.</doc>
<status status="PASS" start="2026-08-01T17:27:49.871806" elapsed="0.003345"/>
</kw>
<kw name="Should Be True" owner="BuiltIn">
<arg>${resp.status_code} in [400, 422]</arg>
<doc>Fails if the given condition is not true.</doc>
<status status="PASS" start="2026-08-01T17:27:49.875236" elapsed="0.000399"/>
</kw>
<tag>auth</tag>
<tag>negative</tag>
<tag>validation</tag>
<status status="PASS" start="2026-08-01T17:27:49.871323" elapsed="0.004380"/>
</test>
<status status="FAIL" start="2026-08-01T17:27:49.426044" elapsed="0.449902"/>
</suite>
<suite id="s1-s2" name="02 Menu" source="/home/logesh/Coding/Projects/pandas-kitchen/tests/api/02_menu.robot">
<kw name="Create API Session" owner="keywords" type="SETUP">
<kw name="Create Session" owner="RequestsLibrary">
<msg time="2026-08-01T17:27:49.878036" level="INFO">Creating Session using : alias=api, url=http://localhost:3001/api/v1, headers={},                     cookies={}, auth=None, timeout=None, proxies=None, verify=False,                     debug=0 </msg>
<arg>api</arg>
<arg>${API_URL}</arg>
<arg>verify=False</arg>
<doc>Create Session: create a HTTP session to a server</doc>
<status status="PASS" start="2026-08-01T17:27:49.877936" elapsed="0.000208"/>
</kw>
<status status="PASS" start="2026-08-01T17:27:49.877819" elapsed="0.000365"/>
</kw>
<test id="s1-s2-t1" name="TC-MENU-01 Public Menu Returns Categories And Items" line="13">
<kw name="Get Restaurant ID From Slug" owner="keywords">
<kw name="Create API Session" owner="keywords">
<kw name="Create Session" owner="RequestsLibrary">
<msg time="2026-08-01T17:27:49.878935" level="INFO">Creating Session using : alias=api, url=http://localhost:3001/api/v1, headers={},                     cookies={}, auth=None, timeout=None, proxies=None, verify=False,                     debug=0 </msg>
<arg>api</arg>
<arg>${API_URL}</arg>
<arg>verify=False</arg>
<doc>Create Session: create a HTTP session to a server</doc>
<status status="PASS" start="2026-08-01T17:27:49.878737" elapsed="0.000275"/>
</kw>
<status status="PASS" start="2026-08-01T17:27:49.878627" elapsed="0.000421"/>
</kw>
<kw name="GET On Session" owner="RequestsLibrary">
<msg time="2026-08-01T17:27:49.888232" level="INFO">GET Request : url=http://localhost:3001/api/v1/settings/restaurant/pandas-kitchen/public 
 path_url=/api/v1/settings/restaurant/pandas-kitchen/public 
 headers={'User-Agent': 'python-requests/2.34.2', 'Accept-Encoding': 'gzip, deflate', 'Accept': '*/*', 'Connection': 'keep-alive'} 
 body=None 
 </msg>
<msg time="2026-08-01T17:27:49.888301" level="INFO">GET Response : url=http://localhost:3001/api/v1/settings/restaurant/pandas-kitchen/public 
 status=200, reason=OK 
 headers={'X-Powered-By': 'Express', 'Vary': 'Origin', 'Access-Control-Allow-Credentials': 'true', 'X-RateLimit-Limit': '100', 'X-RateLimit-Remaining': '99', 'X-RateLimit-Reset': '60', 'Content-Type': 'application/json; charset=utf-8', 'Content-Length': '645', 'ETag': 'W/"285-DMBKi3g+YKzeNwr5nALYtOHOb9o"', 'Date': 'Sat, 01 Aug 2026 11:57:49 GMT', 'Connection': 'keep-alive', 'Keep-Alive': 'timeout=5'} 
 body={"id":"cms3jrixh00009tvqjvci8i5y","name":"Pandas Kitchen","slug":"pandas-kitchen","logoUrl":null,"themeColor":"#f97316","isActive":true,"branches":[{"id":"main-branch","name":"Main Branch"}],"onlineSettings":{"id":"cms6hkw0g001ivqf0xpx5qvys","restaurantId":"cms3jrixh00009tvqjvci8i5y","onlineOrderingEnabled":true,"deliveryEnabled":true,"takeawayEnabled":true,"deliveryRadiusKm":10,"minOrderValue":"0","deliveryFee":"40","packagingFee":"10","serviceChargePercent":"5","estimatedPrepMins":20,"pickupPrepMins":15,"loyaltyPointsPerRupee":1,"loyaltyRedemptionRate":0.25,"createdAt":"2026-07-29T19:37:20.657Z","updatedAt":"2026-08-01T11:57:25.648Z"}} 
 </msg>
<msg time="2026-08-01T17:27:49.888401" level="INFO">${resp} = &lt;Response [200]&gt;</msg>
<var>${resp}</var>
<arg>api</arg>
<arg>/settings/restaurant/${RESTAURANT_SLUG}/public</arg>
<doc>Sends a GET request on a previously created HTTP Session.</doc>
<status status="PASS" start="2026-08-01T17:27:49.879125" elapsed="0.009292"/>
</kw>
<kw name="Should Be Equal As Integers" owner="BuiltIn">
<msg time="2026-08-01T17:27:49.888941" level="INFO">Argument types are:
&lt;class 'int'&gt;
&lt;class 'str'&gt;</msg>
<arg>${resp.status_code}</arg>
<arg>200</arg>
<doc>Fails if objects are unequal after converting them to integers.</doc>
<status status="PASS" start="2026-08-01T17:27:49.888524" elapsed="0.000460"/>
</kw>
<kw name="Get From Dictionary" owner="Collections">
<msg time="2026-08-01T17:27:49.889416" level="INFO">${id} = cms3jrixh00009tvqjvci8i5y</msg>
<var>${id}</var>
<arg>${resp.json()}</arg>
<arg>id</arg>
<doc>Returns a value from the given ``dictionary`` based on the given ``key``.</doc>
<status status="PASS" start="2026-08-01T17:27:49.889069" elapsed="0.000363"/>
</kw>
<return>
<value>${id}</value>
<status status="PASS" start="2026-08-01T17:27:49.889464" elapsed="0.000031"/>
</return>
<msg time="2026-08-01T17:27:49.889573" level="INFO">${restaurant_id} = cms3jrixh00009tvqjvci8i5y</msg>
<var>${restaurant_id}</var>
<status status="PASS" start="2026-08-01T17:27:49.878493" elapsed="0.011093"/>
</kw>
<kw name="GET On Session" owner="RequestsLibrary">
<msg time="2026-08-01T17:27:49.898086" level="INFO">GET Request : url=http://localhost:3001/api/v1/menu/public/cms3jrixh00009tvqjvci8i5y 
 path_url=/api/v1/menu/public/cms3jrixh00009tvqjvci8i5y 
 headers={'User-Agent': 'python-requests/2.34.2', 'Accept-Encoding': 'gzip, deflate', 'Accept': '*/*', 'Connection': 'keep-alive'} 
 body=None 
 </msg>
<msg time="2026-08-01T17:27:49.898161" level="INFO">GET Response : url=http://localhost:3001/api/v1/menu/public/cms3jrixh00009tvqjvci8i5y 
 status=200, reason=OK 
 headers={'X-Powered-By': 'Express', 'Vary': 'Origin', 'Access-Control-Allow-Credentials': 'true', 'X-RateLimit-Limit': '100', 'X-RateLimit-Remaining': '99', 'X-RateLimit-Reset': '60', 'Content-Type': 'application/json; charset=utf-8', 'Content-Length': '4254', 'ETag': 'W/"109e-NJgWUQeGJzOZGATh/byYFH1OggY"', 'Date': 'Sat, 01 Aug 2026 11:57:49 GMT', 'Connection': 'keep-alive', 'Keep-Alive': 'timeout=5'} 
 body={"restaurant":{"id":"cms3jrixh00009tvqjvci8i5y","name":"Pandas Kitchen"},"categories":[{"id":"cms3lx8xs00075y5nvcqke6wz","name":"Smoke Test Cat","items":[{"id":"cms3lx8yb00095y5nw8xmt1wo","name":"Test Burger","description":null,"price":9.99,"imageUrl":null,"isVeg":false,"isAvailable":true,"variants":[{"id":"cms3n47py0007luia87lwifqv","name":"Large","price":299}],"addonGroups":[]}]},{"id":"cms3m60vf000o5y5ncb007j6l","name":"Main Course","items":[{"id":"cms6hkvz9000evqf04yx4s1dq","name":"Dal Makhani","description":null,"price":180,"imageUrl":null,"isVeg":true,"isAvailable":true,"variants":[],"addonGroups":[]},{"id":"cms6hkvzb000gvqf0qnr2ry2b","name":"Butter Chicken","description":null,"price":280,"imageUrl":null,"isVeg":false,"isAvailable":true,"variants":[],"addonGroups":[]},{"id":"cms6hkvze000ivqf0u7l5jrv0","name":"Paneer Butter Masala","description":null,"price":220,"imageUrl":null,"isVeg":true,"isAvailable":true,"variants":[],"addonGroups":[]},{"id":"cms6hkvzg000kvqf0d1nm4jzd","name":"Chicken Biryani","description":null,"price":320,"imageUrl":null,"isVeg":false,"isAvailable":true,"variants":[],"addonGroups":[]},{"id":"cms6hkvzi000mvqf05b5aai89","name":"Veg Fried Rice","description":null,"price":160,"imageUrl":null,"isVeg":true,"isAvailable":true,"variants":[],"addonGroups":[]},{"id":"cms6hkvzk000ovqf0h4do72bl","name":"Egg Fried Rice","description":null,"price":180,"imageUrl":null,"isVeg":false,"isAvailable":true,"variants":[],"addonGroups":[]}]},{"id":"cms6hkvyt0004vqf06e50dvlp","name":"Starters","items":[{"id":"cms6hkvyy0006vqf0ufl0pbbh","name":"Veg Spring Rolls","description":null,"price":120,"imageUrl":null,"isVeg":true,"isAvailable":true,"variants":[],"addonGroups":[]},{"id":"cms6hkvz20008vqf0rud1kcdf","name":"Chicken Wings","description":null,"price":220,"imageUrl":null,"isVeg":false,"isAvailable":true,"variants":[],"addonGroups":[]},{"id":"cms6hkvz4000avqf0sm3ee5tu","name":"Paneer Tikka","description":null,"price":180,"imageUrl":null,"isVeg":true,"isAvailable":true,"variants":[],"addonGroups":[]},{"id":"cms6hkvz6000cvqf0ifac154b","name":"Fish Fingers","description":null,"price":200,"imageUrl":null,"isVeg":false,"isAvailable":true,"variants":[],"addonGroups":[]}]},{"id":"cms6hkvzm000qvqf0tpraspeh","name":"Burgers &amp; Wraps","items":[{"id":"cms6hkvzo000svqf0puuhg6kz","name":"Veg Burger","description":null,"price":150,"imageUrl":null,"isVeg":true,"isAvailable":true,"variants":[],"addonGroups":[]},{"id":"cms6hkvzq000uvqf0xxdd9lv7","name":"Chicken Burger","description":null,"price":180,"imageUrl":null,"isVeg":false,"isAvailable":true,"variants":[],"addonGroups":[]},{"id":"cms6hkvzt000wvqf0lgzylgvy","name":"Paneer Wrap","description":null,"price":160,"imageUrl":null,"isVeg":true,"isAvailable":true,"variants":[],"addonGroups":[]},{"id":"cms6hkvzv000yvqf0ejopz0p3","name":"Chicken Wrap","description":null,"price":190,"imageUrl":null,"isVeg":false,"isAvailable":true,"variants":[],"addonGroups":[]}]},{"id":"cms6hkvzx0010vqf07eczyf9e","name":"Beverages","items":[{"id":"cms6hkvzz0012vqf0krvr0uma","name":"Fresh Lime Soda","description":null,"price":60,"imageUrl":null,"isVeg":true,"isAvailable":true,"variants":[],"addonGroups":[]},{"id":"cms6hkw020014vqf00n14pd9d","name":"Mango Lassi","description":null,"price":80,"imageUrl":null,"isVeg":true,"isAvailable":true,"variants":[],"addonGroups":[]},{"id":"cms6hkw040016vqf0684gkmle","name":"Cold Coffee","description":null,"price":100,"imageUrl":null,"isVeg":true,"isAvailable":true,"variants":[],"addonGroups":[]},{"id":"cms6hkw060018vqf0luao7kcn","name":"Masala Chai","description":null,"price":40,"imageUrl":null,"isVeg":true,"isAvailable":true,"variants":[],"addonGroups":[]}]},{"id":"cms6hkw08001avqf08vpz0nj1","name":"Desserts","items":[{"id":"cms6hkw0a001cvqf0prqij4tw","name":"Gulab Jamun","description":null,"price":80,"imageUrl":null,"isVeg":true,"isAvailable":true,"variants":[],"addonGroups":[]},{"id":"cms6hkw0c001evqf0qr6i0l9y","name":"Ice Cream (2 scoops)","description":null,"price":100,"imageUrl":null,"isVeg":true,"isAvailable":true,"variants":[],"addonGroups":[]},{"id":"cms6hkw0e001gvqf0oij3w9uf","name":"Chocolate Brownie","description":null,"price":120,"imageUrl":null,"isVeg":true,"isAvailable":true,"variants":[],"addonGroups":[]}]}]} 
 </msg>
<msg time="2026-08-01T17:27:49.898317" level="INFO">${resp} = &lt;Response [200]&gt;</msg>
<var>${resp}</var>
<arg>api</arg>
<arg>/menu/public/${restaurant_id}</arg>
<doc>Sends a GET request on a previously created HTTP Session.</doc>
<status status="PASS" start="2026-08-01T17:27:49.889650" elapsed="0.008685"/>
</kw>
<kw name="Assert Status" owner="keywords">
<kw name="Should Be Equal As Integers" owner="BuiltIn">
<msg time="2026-08-01T17:27:49.899505" level="INFO">Argument types are:
&lt;class 'int'&gt;
&lt;class 'str'&gt;</msg>
<arg>${resp.status_code}</arg>
<arg>${expected}</arg>
<arg>msg=Expected ${expected} got ${resp.status_code}: ${resp.text}</arg>
<doc>Fails if objects are unequal after converting them to integers.</doc>
<status status="PASS" start="2026-08-01T17:27:49.898689" elapsed="0.000863"/>
</kw>
<arg>${resp}</arg>
<arg>200</arg>
<status status="PASS" start="2026-08-01T17:27:49.898480" elapsed="0.001119"/>
</kw>
<kw name="Set Variable" owner="BuiltIn">
<msg time="2026-08-01T17:27:49.900101" level="INFO">${body} = {'restaurant': {'id': 'cms3jrixh00009tvqjvci8i5y', 'name': 'Pandas Kitchen'}, 'categories': [{'id': 'cms3lx8xs00075y5nvcqke6wz', 'name': 'Smoke Test Cat', 'items': [{'id': 'cms3lx8yb00095y5nw8xmt1wo',...</msg>
<var>${body}</var>
<arg>${resp.json()}</arg>
<doc>Returns the given values which can then be assigned to a variables.</doc>
<status status="PASS" start="2026-08-01T17:27:49.899676" elapsed="0.000443"/>
</kw>
<kw name="Assert Response Has Key" owner="keywords">
<kw name="Dictionary Should Contain Key" owner="Collections">
<arg>${resp_json}</arg>
<arg>${key}</arg>
<doc>Fails if ``key`` is not found from ``dictionary``.</doc>
<status status="PASS" start="2026-08-01T17:27:49.900361" elapsed="0.000096"/>
</kw>
<arg>${body}</arg>
<arg>categories</arg>
<status status="PASS" start="2026-08-01T17:27:49.900207" elapsed="0.000283"/>
</kw>
<kw name="Get From Dictionary" owner="Collections">
<msg time="2026-08-01T17:27:49.900658" level="INFO">${cats} = [{'id': 'cms3lx8xs00075y5nvcqke6wz', 'name': 'Smoke Test Cat', 'items': [{'id': 'cms3lx8yb00095y5nw8xmt1wo', 'name': 'Test Burger', 'description': None, 'price': 9.99, 'imageUrl': None, 'isVeg': False...</msg>
<var>${cats}</var>
<arg>${body}</arg>
<arg>categories</arg>
<doc>Returns a value from the given ``dictionary`` based on the given ``key``.</doc>
<status status="PASS" start="2026-08-01T17:27:49.900542" elapsed="0.000131"/>
</kw>
<kw name="Should Not Be Empty" owner="BuiltIn">
<msg time="2026-08-01T17:27:49.900989" level="INFO">Length is 6.</msg>
<arg>${cats}</arg>
<arg>msg=Menu has no categories</arg>
<doc>Verifies that the given item is not empty.</doc>
<status status="PASS" start="2026-08-01T17:27:49.900724" elapsed="0.000291"/>
</kw>
<kw name="Log" owner="BuiltIn">
<msg time="2026-08-01T17:27:49.901409" level="INFO">Categories: 6 found</msg>
<arg>Categories: ${cats.__len__()} found</arg>
<doc>Logs the given message with the given level.</doc>
<status status="PASS" start="2026-08-01T17:27:49.901075" elapsed="0.000358"/>
</kw>
<tag>menu</tag>
<tag>public</tag>
<tag>smoke</tag>
<status status="PASS" start="2026-08-01T17:27:49.878219" elapsed="0.023277"/>
</test>
<test id="s1-s2-t2" name="TC-MENU-02 Public Menu Items Have Required Fields" line="24">
<kw name="Get Restaurant ID From Slug" owner="keywords">
<kw name="Create API Session" owner="keywords">
<kw name="Create Session" owner="RequestsLibrary">
<msg time="2026-08-01T17:27:49.902199" level="INFO">Creating Session using : alias=api, url=http://localhost:3001/api/v1, headers={},                     cookies={}, auth=None, timeout=None, proxies=None, verify=False,                     debug=0 </msg>
<arg>api</arg>
<arg>${API_URL}</arg>
<arg>verify=False</arg>
<doc>Create Session: create a HTTP session to a server</doc>
<status status="PASS" start="2026-08-01T17:27:49.902105" elapsed="0.000188"/>
</kw>
<status status="PASS" start="2026-08-01T17:27:49.901982" elapsed="0.000345"/>
</kw>
<kw name="GET On Session" owner="RequestsLibrary">
<msg time="2026-08-01T17:27:49.907263" level="INFO">GET Request : url=http://localhost:3001/api/v1/settings/restaurant/pandas-kitchen/public 
 path_url=/api/v1/settings/restaurant/pandas-kitchen/public 
 headers={'User-Agent': 'python-requests/2.34.2', 'Accept-Encoding': 'gzip, deflate', 'Accept': '*/*', 'Connection': 'keep-alive'} 
 body=None 
 </msg>
<msg time="2026-08-01T17:27:49.907324" level="INFO">GET Response : url=http://localhost:3001/api/v1/settings/restaurant/pandas-kitchen/public 
 status=200, reason=OK 
 headers={'X-Powered-By': 'Express', 'Vary': 'Origin', 'Access-Control-Allow-Credentials': 'true', 'X-RateLimit-Limit': '100', 'X-RateLimit-Remaining': '98', 'X-RateLimit-Reset': '59', 'Content-Type': 'application/json; charset=utf-8', 'Content-Length': '645', 'ETag': 'W/"285-DMBKi3g+YKzeNwr5nALYtOHOb9o"', 'Date': 'Sat, 01 Aug 2026 11:57:49 GMT', 'Connection': 'keep-alive', 'Keep-Alive': 'timeout=5'} 
 body={"id":"cms3jrixh00009tvqjvci8i5y","name":"Pandas Kitchen","slug":"pandas-kitchen","logoUrl":null,"themeColor":"#f97316","isActive":true,"branches":[{"id":"main-branch","name":"Main Branch"}],"onlineSettings":{"id":"cms6hkw0g001ivqf0xpx5qvys","restaurantId":"cms3jrixh00009tvqjvci8i5y","onlineOrderingEnabled":true,"deliveryEnabled":true,"takeawayEnabled":true,"deliveryRadiusKm":10,"minOrderValue":"0","deliveryFee":"40","packagingFee":"10","serviceChargePercent":"5","estimatedPrepMins":20,"pickupPrepMins":15,"loyaltyPointsPerRupee":1,"loyaltyRedemptionRate":0.25,"createdAt":"2026-07-29T19:37:20.657Z","updatedAt":"2026-08-01T11:57:25.648Z"}} 
 </msg>
<msg time="2026-08-01T17:27:49.907407" level="INFO">${resp} = &lt;Response [200]&gt;</msg>
<var>${resp}</var>
<arg>api</arg>
<arg>/settings/restaurant/${RESTAURANT_SLUG}/public</arg>
<doc>Sends a GET request on a previously created HTTP Session.</doc>
<status status="PASS" start="2026-08-01T17:27:49.902377" elapsed="0.005046"/>
</kw>
<kw name="Should Be Equal As Integers" owner="BuiltIn">
<msg time="2026-08-01T17:27:49.907924" level="INFO">Argument types are:
&lt;class 'int'&gt;
&lt;class 'str'&gt;</msg>
<arg>${resp.status_code}</arg>
<arg>200</arg>
<doc>Fails if objects are unequal after converting them to integers.</doc>
<status status="PASS" start="2026-08-01T17:27:49.907523" elapsed="0.000445"/>
</kw>
<kw name="Get From Dictionary" owner="Collections">
<msg time="2026-08-01T17:27:49.908379" level="INFO">${id} = cms3jrixh00009tvqjvci8i5y</msg>
<var>${id}</var>
<arg>${resp.json()}</arg>
<arg>id</arg>
<doc>Returns a value from the given ``dictionary`` based on the given ``key``.</doc>
<status status="PASS" start="2026-08-01T17:27:49.908050" elapsed="0.000345"/>
</kw>
<return>
<value>${id}</value>
<status status="PASS" start="2026-08-01T17:27:49.908426" elapsed="0.000028"/>
</return>
<msg time="2026-08-01T17:27:49.908528" level="INFO">${restaurant_id} = cms3jrixh00009tvqjvci8i5y</msg>
<var>${restaurant_id}</var>
<status status="PASS" start="2026-08-01T17:27:49.901851" elapsed="0.006690"/>
</kw>
<kw name="GET On Session" owner="RequestsLibrary">
<msg time="2026-08-01T17:27:49.913804" level="INFO">GET Request : url=http://localhost:3001/api/v1/menu/public/cms3jrixh00009tvqjvci8i5y 
 path_url=/api/v1/menu/public/cms3jrixh00009tvqjvci8i5y 
 headers={'User-Agent': 'python-requests/2.34.2', 'Accept-Encoding': 'gzip, deflate', 'Accept': '*/*', 'Connection': 'keep-alive'} 
 body=None 
 </msg>
<msg time="2026-08-01T17:27:49.913867" level="INFO">GET Response : url=http://localhost:3001/api/v1/menu/public/cms3jrixh00009tvqjvci8i5y 
 status=200, reason=OK 
 headers={'X-Powered-By': 'Express', 'Vary': 'Origin', 'Access-Control-Allow-Credentials': 'true', 'X-RateLimit-Limit': '100', 'X-RateLimit-Remaining': '98', 'X-RateLimit-Reset': '59', 'Content-Type': 'application/json; charset=utf-8', 'Content-Length': '4254', 'ETag': 'W/"109e-NJgWUQeGJzOZGATh/byYFH1OggY"', 'Date': 'Sat, 01 Aug 2026 11:57:49 GMT', 'Connection': 'keep-alive', 'Keep-Alive': 'timeout=5'} 
 body={"restaurant":{"id":"cms3jrixh00009tvqjvci8i5y","name":"Pandas Kitchen"},"categories":[{"id":"cms3lx8xs00075y5nvcqke6wz","name":"Smoke Test Cat","items":[{"id":"cms3lx8yb00095y5nw8xmt1wo","name":"Test Burger","description":null,"price":9.99,"imageUrl":null,"isVeg":false,"isAvailable":true,"variants":[{"id":"cms3n47py0007luia87lwifqv","name":"Large","price":299}],"addonGroups":[]}]},{"id":"cms3m60vf000o5y5ncb007j6l","name":"Main Course","items":[{"id":"cms6hkvz9000evqf04yx4s1dq","name":"Dal Makhani","description":null,"price":180,"imageUrl":null,"isVeg":true,"isAvailable":true,"variants":[],"addonGroups":[]},{"id":"cms6hkvzb000gvqf0qnr2ry2b","name":"Butter Chicken","description":null,"price":280,"imageUrl":null,"isVeg":false,"isAvailable":true,"variants":[],"addonGroups":[]},{"id":"cms6hkvze000ivqf0u7l5jrv0","name":"Paneer Butter Masala","description":null,"price":220,"imageUrl":null,"isVeg":true,"isAvailable":true,"variants":[],"addonGroups":[]},{"id":"cms6hkvzg000kvqf0d1nm4jzd","name":"Chicken Biryani","description":null,"price":320,"imageUrl":null,"isVeg":false,"isAvailable":true,"variants":[],"addonGroups":[]},{"id":"cms6hkvzi000mvqf05b5aai89","name":"Veg Fried Rice","description":null,"price":160,"imageUrl":null,"isVeg":true,"isAvailable":true,"variants":[],"addonGroups":[]},{"id":"cms6hkvzk000ovqf0h4do72bl","name":"Egg Fried Rice","description":null,"price":180,"imageUrl":null,"isVeg":false,"isAvailable":true,"variants":[],"addonGroups":[]}]},{"id":"cms6hkvyt0004vqf06e50dvlp","name":"Starters","items":[{"id":"cms6hkvyy0006vqf0ufl0pbbh","name":"Veg Spring Rolls","description":null,"price":120,"imageUrl":null,"isVeg":true,"isAvailable":true,"variants":[],"addonGroups":[]},{"id":"cms6hkvz20008vqf0rud1kcdf","name":"Chicken Wings","description":null,"price":220,"imageUrl":null,"isVeg":false,"isAvailable":true,"variants":[],"addonGroups":[]},{"id":"cms6hkvz4000avqf0sm3ee5tu","name":"Paneer Tikka","description":null,"price":180,"imageUrl":null,"isVeg":true,"isAvailable":true,"variants":[],"addonGroups":[]},{"id":"cms6hkvz6000cvqf0ifac154b","name":"Fish Fingers","description":null,"price":200,"imageUrl":null,"isVeg":false,"isAvailable":true,"variants":[],"addonGroups":[]}]},{"id":"cms6hkvzm000qvqf0tpraspeh","name":"Burgers &amp; Wraps","items":[{"id":"cms6hkvzo000svqf0puuhg6kz","name":"Veg Burger","description":null,"price":150,"imageUrl":null,"isVeg":true,"isAvailable":true,"variants":[],"addonGroups":[]},{"id":"cms6hkvzq000uvqf0xxdd9lv7","name":"Chicken Burger","description":null,"price":180,"imageUrl":null,"isVeg":false,"isAvailable":true,"variants":[],"addonGroups":[]},{"id":"cms6hkvzt000wvqf0lgzylgvy","name":"Paneer Wrap","description":null,"price":160,"imageUrl":null,"isVeg":true,"isAvailable":true,"variants":[],"addonGroups":[]},{"id":"cms6hkvzv000yvqf0ejopz0p3","name":"Chicken Wrap","description":null,"price":190,"imageUrl":null,"isVeg":false,"isAvailable":true,"variants":[],"addonGroups":[]}]},{"id":"cms6hkvzx0010vqf07eczyf9e","name":"Beverages","items":[{"id":"cms6hkvzz0012vqf0krvr0uma","name":"Fresh Lime Soda","description":null,"price":60,"imageUrl":null,"isVeg":true,"isAvailable":true,"variants":[],"addonGroups":[]},{"id":"cms6hkw020014vqf00n14pd9d","name":"Mango Lassi","description":null,"price":80,"imageUrl":null,"isVeg":true,"isAvailable":true,"variants":[],"addonGroups":[]},{"id":"cms6hkw040016vqf0684gkmle","name":"Cold Coffee","description":null,"price":100,"imageUrl":null,"isVeg":true,"isAvailable":true,"variants":[],"addonGroups":[]},{"id":"cms6hkw060018vqf0luao7kcn","name":"Masala Chai","description":null,"price":40,"imageUrl":null,"isVeg":true,"isAvailable":true,"variants":[],"addonGroups":[]}]},{"id":"cms6hkw08001avqf08vpz0nj1","name":"Desserts","items":[{"id":"cms6hkw0a001cvqf0prqij4tw","name":"Gulab Jamun","description":null,"price":80,"imageUrl":null,"isVeg":true,"isAvailable":true,"variants":[],"addonGroups":[]},{"id":"cms6hkw0c001evqf0qr6i0l9y","name":"Ice Cream (2 scoops)","description":null,"price":100,"imageUrl":null,"isVeg":true,"isAvailable":true,"variants":[],"addonGroups":[]},{"id":"cms6hkw0e001gvqf0oij3w9uf","name":"Chocolate Brownie","description":null,"price":120,"imageUrl":null,"isVeg":true,"isAvailable":true,"variants":[],"addonGroups":[]}]}]} 
 </msg>
<msg time="2026-08-01T17:27:49.914033" level="INFO">${resp} = &lt;Response [200]&gt;</msg>
<var>${resp}</var>
<arg>api</arg>
<arg>/menu/public/${restaurant_id}</arg>
<doc>Sends a GET request on a previously created HTTP Session.</doc>
<status status="PASS" start="2026-08-01T17:27:49.908600" elapsed="0.005448"/>
</kw>
<kw name="Get From Dictionary" owner="Collections">
<msg time="2026-08-01T17:27:49.914616" level="INFO">${cats} = [{'id': 'cms3lx8xs00075y5nvcqke6wz', 'name': 'Smoke Test Cat', 'items': [{'id': 'cms3lx8yb00095y5nw8xmt1wo', 'name': 'Test Burger', 'description': None, 'price': 9.99, 'imageUrl': None, 'isVeg': False...</msg>
<var>${cats}</var>
<arg>${resp.json()}</arg>
<arg>categories</arg>
<doc>Returns a value from the given ``dictionary`` based on the given ``key``.</doc>
<status status="PASS" start="2026-08-01T17:27:49.914165" elapsed="0.000471"/>
</kw>
<kw name="Get From List" owner="Collections">
<msg time="2026-08-01T17:27:49.914838" level="INFO">${first_cat} = {'id': 'cms3lx8xs00075y5nvcqke6wz', 'name': 'Smoke Test Cat', 'items': [{'id': 'cms3lx8yb00095y5nw8xmt1wo', 'name': 'Test Burger', 'description': None, 'price': 9.99, 'imageUrl': None, 'isVeg': False,...</msg>
<var>${first_cat}</var>
<arg>${cats}</arg>
<arg>0</arg>
<doc>Returns the value specified with an ``index`` from ``list``.</doc>
<status status="PASS" start="2026-08-01T17:27:49.914718" elapsed="0.000135"/>
</kw>
<kw name="Get From Dictionary" owner="Collections">
<msg time="2026-08-01T17:27:49.915014" level="INFO">${items} = [{'id': 'cms3lx8yb00095y5nw8xmt1wo', 'name': 'Test Burger', 'description': None, 'price': 9.99, 'imageUrl': None, 'isVeg': False, 'isAvailable': True, 'variants': [{'id': 'cms3n47py0007luia87lwifqv', ...</msg>
<var>${items}</var>
<arg>${first_cat}</arg>
<arg>items</arg>
<doc>Returns a value from the given ``dictionary`` based on the given ``key``.</doc>
<status status="PASS" start="2026-08-01T17:27:49.914913" elapsed="0.000116"/>
</kw>
<kw name="Should Not Be Empty" owner="BuiltIn">
<msg time="2026-08-01T17:27:49.915300" level="INFO">Length is 1.</msg>
<arg>${items}</arg>
<arg>msg=First category has no items</arg>
<doc>Verifies that the given item is not empty.</doc>
<status status="PASS" start="2026-08-01T17:27:49.915084" elapsed="0.000252"/>
</kw>
<kw name="Get From List" owner="Collections">
<msg time="2026-08-01T17:27:49.915530" level="INFO">${item} = {'id': 'cms3lx8yb00095y5nw8xmt1wo', 'name': 'Test Burger', 'description': None, 'price': 9.99, 'imageUrl': None, 'isVeg': False, 'isAvailable': True, 'variants': [{'id': 'cms3n47py0007luia87lwifqv', '...</msg>
<var>${item}</var>
<arg>${items}</arg>
<arg>0</arg>
<doc>Returns the value specified with an ``index`` from ``list``.</doc>
<status status="PASS" start="2026-08-01T17:27:49.915412" elapsed="0.000134"/>
</kw>
<kw name="Assert Response Has Key" owner="keywords">
<kw name="Dictionary Should Contain Key" owner="Collections">
<arg>${resp_json}</arg>
<arg>${key}</arg>
<doc>Fails if ``key`` is not found from ``dictionary``.</doc>
<status status="PASS" start="2026-08-01T17:27:49.915799" elapsed="0.000099"/>
</kw>
<arg>${item}</arg>
<arg>id</arg>
<status status="PASS" start="2026-08-01T17:27:49.915640" elapsed="0.000290"/>
</kw>
<kw name="Assert Response Has Key" owner="keywords">
<kw name="Dictionary Should Contain Key" owner="Collections">
<arg>${resp_json}</arg>
<arg>${key}</arg>
<doc>Fails if ``key`` is not found from ``dictionary``.</doc>
<status status="PASS" start="2026-08-01T17:27:49.916138" elapsed="0.000084"/>
</kw>
<arg>${item}</arg>
<arg>name</arg>
<status status="PASS" start="2026-08-01T17:27:49.915998" elapsed="0.000253"/>
</kw>
<kw name="Assert Response Has Key" owner="keywords">
<kw name="Dictionary Should Contain Key" owner="Collections">
<arg>${resp_json}</arg>
<arg>${key}</arg>
<doc>Fails if ``key`` is not found from ``dictionary``.</doc>
<status status="PASS" start="2026-08-01T17:27:49.916443" elapsed="0.000081"/>
</kw>
<arg>${item}</arg>
<arg>price</arg>
<status status="PASS" start="2026-08-01T17:27:49.916312" elapsed="0.000241"/>
</kw>
<kw name="Assert Response Has Key" owner="keywords">
<kw name="Dictionary Should Contain Key" owner="Collections">
<arg>${resp_json}</arg>
<arg>${key}</arg>
<doc>Fails if ``key`` is not found from ``dictionary``.</doc>
<status status="PASS" start="2026-08-01T17:27:49.916743" elapsed="0.000082"/>
</kw>
<arg>${item}</arg>
<arg>isVeg</arg>
<status status="PASS" start="2026-08-01T17:27:49.916610" elapsed="0.000243"/>
</kw>
<kw name="Assert Response Has Key" owner="keywords">
<kw name="Dictionary Should Contain Key" owner="Collections">
<arg>${resp_json}</arg>
<arg>${key}</arg>
<doc>Fails if ``key`` is not found from ``dictionary``.</doc>
<status status="PASS" start="2026-08-01T17:27:49.917042" elapsed="0.000085"/>
</kw>
<arg>${item}</arg>
<arg>addonGroups</arg>
<status status="PASS" start="2026-08-01T17:27:49.916910" elapsed="0.000246"/>
</kw>
<tag>menu</tag>
<tag>public</tag>
<tag>smoke</tag>
<status status="PASS" start="2026-08-01T17:27:49.901626" elapsed="0.015586"/>
</test>
<test id="s1-s2-t3" name="TC-MENU-03 Addon Groups Expose minSelect maxSelect isRequired" line="39">
<kw name="Get Restaurant ID From Slug" owner="keywords">
<kw name="Create API Session" owner="keywords">
<kw name="Create Session" owner="RequestsLibrary">
<msg time="2026-08-01T17:27:49.918005" level="INFO">Creating Session using : alias=api, url=http://localhost:3001/api/v1, headers={},                     cookies={}, auth=None, timeout=None, proxies=None, verify=False,                     debug=0 </msg>
<arg>api</arg>
<arg>${API_URL}</arg>
<arg>verify=False</arg>
<doc>Create Session: create a HTTP session to a server</doc>
<status status="PASS" start="2026-08-01T17:27:49.917903" elapsed="0.000200"/>
</kw>
<status status="PASS" start="2026-08-01T17:27:49.917685" elapsed="0.000455"/>
</kw>
<kw name="GET On Session" owner="RequestsLibrary">
<msg time="2026-08-01T17:27:49.921882" level="INFO">GET Request : url=http://localhost:3001/api/v1/settings/restaurant/pandas-kitchen/public 
 path_url=/api/v1/settings/restaurant/pandas-kitchen/public 
 headers={'User-Agent': 'python-requests/2.34.2', 'Accept-Encoding': 'gzip, deflate', 'Accept': '*/*', 'Connection': 'keep-alive'} 
 body=None 
 </msg>
<msg time="2026-08-01T17:27:49.921940" level="INFO">GET Response : url=http://localhost:3001/api/v1/settings/restaurant/pandas-kitchen/public 
 status=200, reason=OK 
 headers={'X-Powered-By': 'Express', 'Vary': 'Origin', 'Access-Control-Allow-Credentials': 'true', 'X-RateLimit-Limit': '100', 'X-RateLimit-Remaining': '97', 'X-RateLimit-Reset': '59', 'Content-Type': 'application/json; charset=utf-8', 'Content-Length': '645', 'ETag': 'W/"285-DMBKi3g+YKzeNwr5nALYtOHOb9o"', 'Date': 'Sat, 01 Aug 2026 11:57:49 GMT', 'Connection': 'keep-alive', 'Keep-Alive': 'timeout=5'} 
 body={"id":"cms3jrixh00009tvqjvci8i5y","name":"Pandas Kitchen","slug":"pandas-kitchen","logoUrl":null,"themeColor":"#f97316","isActive":true,"branches":[{"id":"main-branch","name":"Main Branch"}],"onlineSettings":{"id":"cms6hkw0g001ivqf0xpx5qvys","restaurantId":"cms3jrixh00009tvqjvci8i5y","onlineOrderingEnabled":true,"deliveryEnabled":true,"takeawayEnabled":true,"deliveryRadiusKm":10,"minOrderValue":"0","deliveryFee":"40","packagingFee":"10","serviceChargePercent":"5","estimatedPrepMins":20,"pickupPrepMins":15,"loyaltyPointsPerRupee":1,"loyaltyRedemptionRate":0.25,"createdAt":"2026-07-29T19:37:20.657Z","updatedAt":"2026-08-01T11:57:25.648Z"}} 
 </msg>
<msg time="2026-08-01T17:27:49.922017" level="INFO">${resp} = &lt;Response [200]&gt;</msg>
<var>${resp}</var>
<arg>api</arg>
<arg>/settings/restaurant/${RESTAURANT_SLUG}/public</arg>
<doc>Sends a GET request on a previously created HTTP Session.</doc>
<status status="PASS" start="2026-08-01T17:27:49.918191" elapsed="0.003842"/>
</kw>
<kw name="Should Be Equal As Integers" owner="BuiltIn">
<msg time="2026-08-01T17:27:49.922537" level="INFO">Argument types are:
&lt;class 'int'&gt;
&lt;class 'str'&gt;</msg>
<arg>${resp.status_code}</arg>
<arg>200</arg>
<doc>Fails if objects are unequal after converting them to integers.</doc>
<status status="PASS" start="2026-08-01T17:27:49.922133" elapsed="0.000441"/>
</kw>
<kw name="Get From Dictionary" owner="Collections">
<msg time="2026-08-01T17:27:49.923048" level="INFO">${id} = cms3jrixh00009tvqjvci8i5y</msg>
<var>${id}</var>
<arg>${resp.json()}</arg>
<arg>id</arg>
<doc>Returns a value from the given ``dictionary`` based on the given ``key``.</doc>
<status status="PASS" start="2026-08-01T17:27:49.922697" elapsed="0.000370"/>
</kw>
<return>
<value>${id}</value>
<status status="PASS" start="2026-08-01T17:27:49.923106" elapsed="0.000030"/>
</return>
<msg time="2026-08-01T17:27:49.923215" level="INFO">${restaurant_id} = cms3jrixh00009tvqjvci8i5y</msg>
<var>${restaurant_id}</var>
<status status="PASS" start="2026-08-01T17:27:49.917555" elapsed="0.005674"/>
</kw>
<kw name="GET On Session" owner="RequestsLibrary">
<msg time="2026-08-01T17:27:49.927938" level="INFO">GET Request : url=http://localhost:3001/api/v1/menu/public/cms3jrixh00009tvqjvci8i5y 
 path_url=/api/v1/menu/public/cms3jrixh00009tvqjvci8i5y 
 headers={'User-Agent': 'python-requests/2.34.2', 'Accept-Encoding': 'gzip, deflate', 'Accept': '*/*', 'Connection': 'keep-alive'} 
 body=None 
 </msg>
<msg time="2026-08-01T17:27:49.928004" level="INFO">GET Response : url=http://localhost:3001/api/v1/menu/public/cms3jrixh00009tvqjvci8i5y 
 status=200, reason=OK 
 headers={'X-Powered-By': 'Express', 'Vary': 'Origin', 'Access-Control-Allow-Credentials': 'true', 'X-RateLimit-Limit': '100', 'X-RateLimit-Remaining': '97', 'X-RateLimit-Reset': '59', 'Content-Type': 'application/json; charset=utf-8', 'Content-Length': '4254', 'ETag': 'W/"109e-NJgWUQeGJzOZGATh/byYFH1OggY"', 'Date': 'Sat, 01 Aug 2026 11:57:49 GMT', 'Connection': 'keep-alive', 'Keep-Alive': 'timeout=5'} 
 body={"restaurant":{"id":"cms3jrixh00009tvqjvci8i5y","name":"Pandas Kitchen"},"categories":[{"id":"cms3lx8xs00075y5nvcqke6wz","name":"Smoke Test Cat","items":[{"id":"cms3lx8yb00095y5nw8xmt1wo","name":"Test Burger","description":null,"price":9.99,"imageUrl":null,"isVeg":false,"isAvailable":true,"variants":[{"id":"cms3n47py0007luia87lwifqv","name":"Large","price":299}],"addonGroups":[]}]},{"id":"cms3m60vf000o5y5ncb007j6l","name":"Main Course","items":[{"id":"cms6hkvz9000evqf04yx4s1dq","name":"Dal Makhani","description":null,"price":180,"imageUrl":null,"isVeg":true,"isAvailable":true,"variants":[],"addonGroups":[]},{"id":"cms6hkvzb000gvqf0qnr2ry2b","name":"Butter Chicken","description":null,"price":280,"imageUrl":null,"isVeg":false,"isAvailable":true,"variants":[],"addonGroups":[]},{"id":"cms6hkvze000ivqf0u7l5jrv0","name":"Paneer Butter Masala","description":null,"price":220,"imageUrl":null,"isVeg":true,"isAvailable":true,"variants":[],"addonGroups":[]},{"id":"cms6hkvzg000kvqf0d1nm4jzd","name":"Chicken Biryani","description":null,"price":320,"imageUrl":null,"isVeg":false,"isAvailable":true,"variants":[],"addonGroups":[]},{"id":"cms6hkvzi000mvqf05b5aai89","name":"Veg Fried Rice","description":null,"price":160,"imageUrl":null,"isVeg":true,"isAvailable":true,"variants":[],"addonGroups":[]},{"id":"cms6hkvzk000ovqf0h4do72bl","name":"Egg Fried Rice","description":null,"price":180,"imageUrl":null,"isVeg":false,"isAvailable":true,"variants":[],"addonGroups":[]}]},{"id":"cms6hkvyt0004vqf06e50dvlp","name":"Starters","items":[{"id":"cms6hkvyy0006vqf0ufl0pbbh","name":"Veg Spring Rolls","description":null,"price":120,"imageUrl":null,"isVeg":true,"isAvailable":true,"variants":[],"addonGroups":[]},{"id":"cms6hkvz20008vqf0rud1kcdf","name":"Chicken Wings","description":null,"price":220,"imageUrl":null,"isVeg":false,"isAvailable":true,"variants":[],"addonGroups":[]},{"id":"cms6hkvz4000avqf0sm3ee5tu","name":"Paneer Tikka","description":null,"price":180,"imageUrl":null,"isVeg":true,"isAvailable":true,"variants":[],"addonGroups":[]},{"id":"cms6hkvz6000cvqf0ifac154b","name":"Fish Fingers","description":null,"price":200,"imageUrl":null,"isVeg":false,"isAvailable":true,"variants":[],"addonGroups":[]}]},{"id":"cms6hkvzm000qvqf0tpraspeh","name":"Burgers &amp; Wraps","items":[{"id":"cms6hkvzo000svqf0puuhg6kz","name":"Veg Burger","description":null,"price":150,"imageUrl":null,"isVeg":true,"isAvailable":true,"variants":[],"addonGroups":[]},{"id":"cms6hkvzq000uvqf0xxdd9lv7","name":"Chicken Burger","description":null,"price":180,"imageUrl":null,"isVeg":false,"isAvailable":true,"variants":[],"addonGroups":[]},{"id":"cms6hkvzt000wvqf0lgzylgvy","name":"Paneer Wrap","description":null,"price":160,"imageUrl":null,"isVeg":true,"isAvailable":true,"variants":[],"addonGroups":[]},{"id":"cms6hkvzv000yvqf0ejopz0p3","name":"Chicken Wrap","description":null,"price":190,"imageUrl":null,"isVeg":false,"isAvailable":true,"variants":[],"addonGroups":[]}]},{"id":"cms6hkvzx0010vqf07eczyf9e","name":"Beverages","items":[{"id":"cms6hkvzz0012vqf0krvr0uma","name":"Fresh Lime Soda","description":null,"price":60,"imageUrl":null,"isVeg":true,"isAvailable":true,"variants":[],"addonGroups":[]},{"id":"cms6hkw020014vqf00n14pd9d","name":"Mango Lassi","description":null,"price":80,"imageUrl":null,"isVeg":true,"isAvailable":true,"variants":[],"addonGroups":[]},{"id":"cms6hkw040016vqf0684gkmle","name":"Cold Coffee","description":null,"price":100,"imageUrl":null,"isVeg":true,"isAvailable":true,"variants":[],"addonGroups":[]},{"id":"cms6hkw060018vqf0luao7kcn","name":"Masala Chai","description":null,"price":40,"imageUrl":null,"isVeg":true,"isAvailable":true,"variants":[],"addonGroups":[]}]},{"id":"cms6hkw08001avqf08vpz0nj1","name":"Desserts","items":[{"id":"cms6hkw0a001cvqf0prqij4tw","name":"Gulab Jamun","description":null,"price":80,"imageUrl":null,"isVeg":true,"isAvailable":true,"variants":[],"addonGroups":[]},{"id":"cms6hkw0c001evqf0qr6i0l9y","name":"Ice Cream (2 scoops)","description":null,"price":100,"imageUrl":null,"isVeg":true,"isAvailable":true,"variants":[],"addonGroups":[]},{"id":"cms6hkw0e001gvqf0oij3w9uf","name":"Chocolate Brownie","description":null,"price":120,"imageUrl":null,"isVeg":true,"isAvailable":true,"variants":[],"addonGroups":[]}]}]} 
 </msg>
<msg time="2026-08-01T17:27:49.928112" level="INFO">${resp} = &lt;Response [200]&gt;</msg>
<var>${resp}</var>
<arg>api</arg>
<arg>/menu/public/${restaurant_id}</arg>
<doc>Sends a GET request on a previously created HTTP Session.</doc>
<status status="PASS" start="2026-08-01T17:27:49.923292" elapsed="0.004835"/>
</kw>
<kw name="Get From Dictionary" owner="Collections">
<msg time="2026-08-01T17:27:49.928666" level="INFO">${cats} = [{'id': 'cms3lx8xs00075y5nvcqke6wz', 'name': 'Smoke Test Cat', 'items': [{'id': 'cms3lx8yb00095y5nw8xmt1wo', 'name': 'Test Burger', 'description': None, 'price': 9.99, 'imageUrl': None, 'isVeg': False...</msg>
<var>${cats}</var>
<arg>${resp.json()}</arg>
<arg>categories</arg>
<doc>Returns a value from the given ``dictionary`` based on the given ``key``.</doc>
<status status="PASS" start="2026-08-01T17:27:49.928229" elapsed="0.000454"/>
</kw>
<for flavor="IN">
<iter>
<kw name="Get From Dictionary" owner="Collections">
<msg time="2026-08-01T17:27:49.929041" level="INFO">${items} = [{'id': 'cms3lx8yb00095y5nw8xmt1wo', 'name': 'Test Burger', 'description': None, 'price': 9.99, 'imageUrl': None, 'isVeg': False, 'isAvailable': True, 'variants': [{'id': 'cms3n47py0007luia87lwifqv', ...</msg>
<var>${items}</var>
<arg>${cat}</arg>
<arg>items</arg>
<doc>Returns a value from the given ``dictionary`` based on the given ``key``.</doc>
<status status="PASS" start="2026-08-01T17:27:49.928940" elapsed="0.000115"/>
</kw>
<for flavor="IN">
<iter>
<kw name="Get From Dictionary" owner="Collections">
<msg time="2026-08-01T17:27:49.929318" level="INFO">${groups} = []</msg>
<var>${groups}</var>
<arg>${item}</arg>
<arg>addonGroups</arg>
<doc>Returns a value from the given ``dictionary`` based on the given ``key``.</doc>
<status status="PASS" start="2026-08-01T17:27:49.929227" elapsed="0.000105"/>
</kw>
<for flavor="IN">
<iter>
<kw name="Assert Response Has Key" owner="keywords">
<arg>${group}</arg>
<arg>minSelect</arg>
<status status="NOT RUN" start="2026-08-01T17:27:49.929492" elapsed="0.000014"/>
</kw>
<kw name="Assert Response Has Key" owner="keywords">
<arg>${group}</arg>
<arg>maxSelect</arg>
<status status="NOT RUN" start="2026-08-01T17:27:49.929566" elapsed="0.000011"/>
</kw>
<kw name="Assert Response Has Key" owner="keywords">
<arg>${group}</arg>
<arg>isRequired</arg>
<status status="NOT RUN" start="2026-08-01T17:27:49.929631" elapsed="0.000050"/>
</kw>
<kw name="Log" owner="BuiltIn">
<arg>Addon group OK: ${group["name"]}</arg>
<doc>Logs the given message with the given level.</doc>
<status status="NOT RUN" start="2026-08-01T17:27:49.929743" elapsed="0.000011"/>
</kw>
<var name="${group}"/>
<status status="NOT RUN" start="2026-08-01T17:27:49.929421" elapsed="0.000349"/>
</iter>
<var>${group}</var>
<value>@{groups}</value>
<status status="NOT RUN" start="2026-08-01T17:27:49.929358" elapsed="0.000429"/>
</for>
<var name="${item}">{'id': 'cms3lx8yb00095y5nw8xmt1wo', 'name': 'Test Burger', 'description': None, 'price': 9.99, 'imageUrl': None, 'isVeg': False, 'isAvailable': True, 'variants': [{'id': 'cms3n47py0007luia87lwifqv', '...</var>
<status status="PASS" start="2026-08-01T17:27:49.929182" elapsed="0.000621"/>
</iter>
<var>${item}</var>
<value>@{items}</value>
<status status="PASS" start="2026-08-01T17:27:49.929084" elapsed="0.000733"/>
</for>
<var name="${cat}">{'id': 'cms3lx8xs00075y5nvcqke6wz', 'name': 'Smoke Test Cat', 'items': [{'id': 'cms3lx8yb00095y5nw8xmt1wo', 'name': 'Test Burger', 'description': None, 'price': 9.99, 'imageUrl': None, 'isVeg': False,...</var>
<status status="PASS" start="2026-08-01T17:27:49.928885" elapsed="0.000945"/>
</iter>
<iter>
<kw name="Get From Dictionary" owner="Collections">
<msg time="2026-08-01T17:27:49.930073" level="INFO">${items} = [{'id': 'cms6hkvz9000evqf04yx4s1dq', 'name': 'Dal Makhani', 'description': None, 'price': 180, 'imageUrl': None, 'isVeg': True, 'isAvailable': True, 'variants': [], 'addonGroups': []}, {'id': 'cms6hkv...</msg>
<var>${items}</var>
<arg>${cat}</arg>
<arg>items</arg>
<doc>Returns a value from the given ``dictionary`` based on the given ``key``.</doc>
<status status="PASS" start="2026-08-01T17:27:49.929965" elapsed="0.000123"/>
</kw>
<for flavor="IN">
<iter>
<kw name="Get From Dictionary" owner="Collections">
<msg time="2026-08-01T17:27:49.930352" level="INFO">${groups} = []</msg>
<var>${groups}</var>
<arg>${item}</arg>
<arg>addonGroups</arg>
<doc>Returns a value from the given ``dictionary`` based on the given ``key``.</doc>
<status status="PASS" start="2026-08-01T17:27:49.930262" elapsed="0.000104"/>
</kw>
<for flavor="IN">
<iter>
<kw name="Assert Response Has Key" owner="keywords">
<arg>${group}</arg>
<arg>minSelect</arg>
<status status="NOT RUN" start="2026-08-01T17:27:49.930510" elapsed="0.000013"/>
</kw>
<kw name="Assert Response Has Key" owner="keywords">
<arg>${group}</arg>
<arg>maxSelect</arg>
<status status="NOT RUN" start="2026-08-01T17:27:49.930580" elapsed="0.000011"/>
</kw>
<kw name="Assert Response Has Key" owner="keywords">
<arg>${group}</arg>
<arg>isRequired</arg>
<status status="NOT RUN" start="2026-08-01T17:27:49.930643" elapsed="0.000010"/>
</kw>
<kw name="Log" owner="BuiltIn">
<arg>Addon group OK: ${group["name"]}</arg>
<doc>Logs the given message with the given level.</doc>
<status status="NOT RUN" start="2026-08-01T17:27:49.930702" elapsed="0.000010"/>
</kw>
<var name="${group}"/>
<status status="NOT RUN" start="2026-08-01T17:27:49.930450" elapsed="0.000277"/>
</iter>
<var>${group}</var>
<value>@{groups}</value>
<status status="NOT RUN" start="2026-08-01T17:27:49.930391" elapsed="0.000350"/>
</for>
<var name="${item}">{'id': 'cms6hkvz9000evqf04yx4s1dq', 'name': 'Dal Makhani', 'description': None, 'price': 180, 'imageUrl': None, 'isVeg': True, 'isAvailable': True, 'variants': [], 'addonGroups': []}</var>
<status status="PASS" start="2026-08-01T17:27:49.930218" elapsed="0.000538"/>
</iter>
<iter>
<kw name="Get From Dictionary" owner="Collections">
<msg time="2026-08-01T17:27:49.930947" level="INFO">${groups} = []</msg>
<var>${groups}</var>
<arg>${item}</arg>
<arg>addonGroups</arg>
<doc>Returns a value from the given ``dictionary`` based on the given ``key``.</doc>
<status status="PASS" start="2026-08-01T17:27:49.930856" elapsed="0.000104"/>
</kw>
<for flavor="IN">
<iter>
<kw name="Assert Response Has Key" owner="keywords">
<arg>${group}</arg>
<arg>minSelect</arg>
<status status="NOT RUN" start="2026-08-01T17:27:49.931125" elapsed="0.000013"/>
</kw>
<kw name="Assert Response Has Key" owner="keywords">
<arg>${group}</arg>
<arg>maxSelect</arg>
<status status="NOT RUN" start="2026-08-01T17:27:49.931300" elapsed="0.000014"/>
</kw>
<kw name="Assert Response Has Key" owner="keywords">
<arg>${group}</arg>
<arg>isRequired</arg>
<status status="NOT RUN" start="2026-08-01T17:27:49.931377" elapsed="0.000011"/>
</kw>
<kw name="Log" owner="BuiltIn">
<arg>Addon group OK: ${group["name"]}</arg>
<doc>Logs the given message with the given level.</doc>
<status status="NOT RUN" start="2026-08-01T17:27:49.931440" elapsed="0.000010"/>
</kw>
<var name="${group}"/>
<status status="NOT RUN" start="2026-08-01T17:27:49.931058" elapsed="0.000407"/>
</iter>
<var>${group}</var>
<value>@{groups}</value>
<status status="NOT RUN" start="2026-08-01T17:27:49.930985" elapsed="0.000494"/>
</for>
<var name="${item}">{'id': 'cms6hkvzb000gvqf0qnr2ry2b', 'name': 'Butter Chicken', 'description': None, 'price': 280, 'imageUrl': None, 'isVeg': False, 'isAvailable': True, 'variants': [], 'addonGroups': []}</var>
<status status="PASS" start="2026-08-01T17:27:49.930815" elapsed="0.000679"/>
</iter>
<iter>
<kw name="Get From Dictionary" owner="Collections">
<msg time="2026-08-01T17:27:49.931698" level="INFO">${groups} = []</msg>
<var>${groups}</var>
<arg>${item}</arg>
<arg>addonGroups</arg>
<doc>Returns a value from the given ``dictionary`` based on the given ``key``.</doc>
<status status="PASS" start="2026-08-01T17:27:49.931600" elapsed="0.000112"/>
</kw>
<for flavor="IN">
<iter>
<kw name="Assert Response Has Key" owner="keywords">
<arg>${group}</arg>
<arg>minSelect</arg>
<status status="NOT RUN" start="2026-08-01T17:27:49.931854" elapsed="0.000012"/>
</kw>
<kw name="Assert Response Has Key" owner="keywords">
<arg>${group}</arg>
<arg>maxSelect</arg>
<status status="NOT RUN" start="2026-08-01T17:27:49.931920" elapsed="0.000011"/>
</kw>
<kw name="Assert Response Has Key" owner="keywords">
<arg>${group}</arg>
<arg>isRequired</arg>
<status status="NOT RUN" start="2026-08-01T17:27:49.931984" elapsed="0.000010"/>
</kw>
<kw name="Log" owner="BuiltIn">
<arg>Addon group OK: ${group["name"]}</arg>
<doc>Logs the given message with the given level.</doc>
<status status="NOT RUN" start="2026-08-01T17:27:49.932040" elapsed="0.000010"/>
</kw>
<var name="${group}"/>
<status status="NOT RUN" start="2026-08-01T17:27:49.931799" elapsed="0.000266"/>
</iter>
<var>${group}</var>
<value>@{groups}</value>
<status status="NOT RUN" start="2026-08-01T17:27:49.931739" elapsed="0.000340"/>
</for>
<var name="${item}">{'id': 'cms6hkvze000ivqf0u7l5jrv0', 'name': 'Paneer Butter Masala', 'description': None, 'price': 220, 'imageUrl': None, 'isVeg': True, 'isAvailable': True, 'variants': [], 'addonGroups': []}</var>
<status status="PASS" start="2026-08-01T17:27:49.931558" elapsed="0.000542"/>
</iter>
<iter>
<kw name="Get From Dictionary" owner="Collections">
<msg time="2026-08-01T17:27:49.932296" level="INFO">${groups} = []</msg>
<var>${groups}</var>
<arg>${item}</arg>
<arg>addonGroups</arg>
<doc>Returns a value from the given ``dictionary`` based on the given ``key``.</doc>
<status status="PASS" start="2026-08-01T17:27:49.932201" elapsed="0.000108"/>
</kw>
<for flavor="IN">
<iter>
<kw name="Assert Response Has Key" owner="keywords">
<arg>${group}</arg>
<arg>minSelect</arg>
<status status="NOT RUN" start="2026-08-01T17:27:49.932449" elapsed="0.000011"/>
</kw>
<kw name="Assert Response Has Key" owner="keywords">
<arg>${group}</arg>
<arg>maxSelect</arg>
<status status="NOT RUN" start="2026-08-01T17:27:49.932514" elapsed="0.000011"/>
</kw>
<kw name="Assert Response Has Key" owner="keywords">
<arg>${group}</arg>
<arg>isRequired</arg>
<status status="NOT RUN" start="2026-08-01T17:27:49.932577" elapsed="0.000011"/>
</kw>
<kw name="Log" owner="BuiltIn">
<arg>Addon group OK: ${group["name"]}</arg>
<doc>Logs the given message with the given level.</doc>
<status status="NOT RUN" start="2026-08-01T17:27:49.932635" elapsed="0.000011"/>
</kw>
<var name="${group}"/>
<status status="NOT RUN" start="2026-08-01T17:27:49.932399" elapsed="0.000262"/>
</iter>
<var>${group}</var>
<value>@{groups}</value>
<status status="NOT RUN" start="2026-08-01T17:27:49.932339" elapsed="0.000363"/>
</for>
<var name="${item}">{'id': 'cms6hkvzg000kvqf0d1nm4jzd', 'name': 'Chicken Biryani', 'description': None, 'price': 320, 'imageUrl': None, 'isVeg': False, 'isAvailable': True, 'variants': [], 'addonGroups': []}</var>
<status status="PASS" start="2026-08-01T17:27:49.932161" elapsed="0.000557"/>
</iter>
<iter>
<kw name="Get From Dictionary" owner="Collections">
[...]
<var>${restaurant_id}</var>
<status status="PASS" start="2026-08-01T17:27:51.379799" elapsed="0.005196"/>
</kw>
<kw name="GET On Session" owner="RequestsLibrary">
<msg time="2026-08-01T17:27:51.390254" level="INFO">GET Request : url=http://localhost:3001/api/v1/menu/public/cms3jrixh00009tvqjvci8i5y 
 path_url=/api/v1/menu/public/cms3jrixh00009tvqjvci8i5y 
 headers={'User-Agent': 'python-requests/2.34.2', 'Accept-Encoding': 'gzip, deflate', 'Accept': '*/*', 'Connection': 'keep-alive'} 
 body=None 
 </msg>
<msg time="2026-08-01T17:27:51.390327" level="INFO">GET Response : url=http://localhost:3001/api/v1/menu/public/cms3jrixh00009tvqjvci8i5y 
 status=200, reason=OK 
 headers={'X-Powered-By': 'Express', 'Vary': 'Origin', 'Access-Control-Allow-Credentials': 'true', 'X-RateLimit-Limit': '100', 'X-RateLimit-Remaining': '88', 'X-RateLimit-Reset': '58', 'Content-Type': 'application/json; charset=utf-8', 'Content-Length': '4254', 'ETag': 'W/"109e-NJgWUQeGJzOZGATh/byYFH1OggY"', 'Date': 'Sat, 01 Aug 2026 11:57:51 GMT', 'Connection': 'keep-alive', 'Keep-Alive': 'timeout=5'} 
 body={"restaurant":{"id":"cms3jrixh00009tvqjvci8i5y","name":"Pandas Kitchen"},"categories":[{"id":"cms3lx8xs00075y5nvcqke6wz","name":"Smoke Test Cat","items":[{"id":"cms3lx8yb00095y5nw8xmt1wo","name":"Test Burger","description":null,"price":9.99,"imageUrl":null,"isVeg":false,"isAvailable":true,"variants":[{"id":"cms3n47py0007luia87lwifqv","name":"Large","price":299}],"addonGroups":[]}]},{"id":"cms3m60vf000o5y5ncb007j6l","name":"Main Course","items":[{"id":"cms6hkvz9000evqf04yx4s1dq","name":"Dal Makhani","description":null,"price":180,"imageUrl":null,"isVeg":true,"isAvailable":true,"variants":[],"addonGroups":[]},{"id":"cms6hkvzb000gvqf0qnr2ry2b","name":"Butter Chicken","description":null,"price":280,"imageUrl":null,"isVeg":false,"isAvailable":true,"variants":[],"addonGroups":[]},{"id":"cms6hkvze000ivqf0u7l5jrv0","name":"Paneer Butter Masala","description":null,"price":220,"imageUrl":null,"isVeg":true,"isAvailable":true,"variants":[],"addonGroups":[]},{"id":"cms6hkvzg000kvqf0d1nm4jzd","name":"Chicken Biryani","description":null,"price":320,"imageUrl":null,"isVeg":false,"isAvailable":true,"variants":[],"addonGroups":[]},{"id":"cms6hkvzi000mvqf05b5aai89","name":"Veg Fried Rice","description":null,"price":160,"imageUrl":null,"isVeg":true,"isAvailable":true,"variants":[],"addonGroups":[]},{"id":"cms6hkvzk000ovqf0h4do72bl","name":"Egg Fried Rice","description":null,"price":180,"imageUrl":null,"isVeg":false,"isAvailable":true,"variants":[],"addonGroups":[]}]},{"id":"cms6hkvyt0004vqf06e50dvlp","name":"Starters","items":[{"id":"cms6hkvyy0006vqf0ufl0pbbh","name":"Veg Spring Rolls","description":null,"price":120,"imageUrl":null,"isVeg":true,"isAvailable":true,"variants":[],"addonGroups":[]},{"id":"cms6hkvz20008vqf0rud1kcdf","name":"Chicken Wings","description":null,"price":220,"imageUrl":null,"isVeg":false,"isAvailable":true,"variants":[],"addonGroups":[]},{"id":"cms6hkvz4000avqf0sm3ee5tu","name":"Paneer Tikka","description":null,"price":180,"imageUrl":null,"isVeg":true,"isAvailable":true,"variants":[],"addonGroups":[]},{"id":"cms6hkvz6000cvqf0ifac154b","name":"Fish Fingers","description":null,"price":200,"imageUrl":null,"isVeg":false,"isAvailable":true,"variants":[],"addonGroups":[]}]},{"id":"cms6hkvzm000qvqf0tpraspeh","name":"Burgers &amp; Wraps","items":[{"id":"cms6hkvzo000svqf0puuhg6kz","name":"Veg Burger","description":null,"price":150,"imageUrl":null,"isVeg":true,"isAvailable":true,"variants":[],"addonGroups":[]},{"id":"cms6hkvzq000uvqf0xxdd9lv7","name":"Chicken Burger","description":null,"price":180,"imageUrl":null,"isVeg":false,"isAvailable":true,"variants":[],"addonGroups":[]},{"id":"cms6hkvzt000wvqf0lgzylgvy","name":"Paneer Wrap","description":null,"price":160,"imageUrl":null,"isVeg":true,"isAvailable":true,"variants":[],"addonGroups":[]},{"id":"cms6hkvzv000yvqf0ejopz0p3","name":"Chicken Wrap","description":null,"price":190,"imageUrl":null,"isVeg":false,"isAvailable":true,"variants":[],"addonGroups":[]}]},{"id":"cms6hkvzx0010vqf07eczyf9e","name":"Beverages","items":[{"id":"cms6hkvzz0012vqf0krvr0uma","name":"Fresh Lime Soda","description":null,"price":60,"imageUrl":null,"isVeg":true,"isAvailable":true,"variants":[],"addonGroups":[]},{"id":"cms6hkw020014vqf00n14pd9d","name":"Mango Lassi","description":null,"price":80,"imageUrl":null,"isVeg":true,"isAvailable":true,"variants":[],"addonGroups":[]},{"id":"cms6hkw040016vqf0684gkmle","name":"Cold Coffee","description":null,"price":100,"imageUrl":null,"isVeg":true,"isAvailable":true,"variants":[],"addonGroups":[]},{"id":"cms6hkw060018vqf0luao7kcn","name":"Masala Chai","description":null,"price":40,"imageUrl":null,"isVeg":true,"isAvailable":true,"variants":[],"addonGroups":[]}]},{"id":"cms6hkw08001avqf08vpz0nj1","name":"Desserts","items":[{"id":"cms6hkw0a001cvqf0prqij4tw","name":"Gulab Jamun","description":null,"price":80,"imageUrl":null,"isVeg":true,"isAvailable":true,"variants":[],"addonGroups":[]},{"id":"cms6hkw0c001evqf0qr6i0l9y","name":"Ice Cream (2 scoops)","description":null,"price":100,"imageUrl":null,"isVeg":true,"isAvailable":true,"variants":[],"addonGroups":[]},{"id":"cms6hkw0e001gvqf0oij3w9uf","name":"Chocolate Brownie","description":null,"price":120,"imageUrl":null,"isVeg":true,"isAvailable":true,"variants":[],"addonGroups":[]}]}]} 
 </msg>
<msg time="2026-08-01T17:27:51.390437" level="INFO">${resp} = &lt;Response [200]&gt;</msg>
<var>${resp}</var>
<arg>api</arg>
<arg>/menu/public/${restaurant_id}</arg>
<doc>Sends a GET request on a previously created HTTP Session.</doc>
<status status="PASS" start="2026-08-01T17:27:51.385055" elapsed="0.005397"/>
</kw>
<kw name="Set Variable" owner="BuiltIn">
<msg time="2026-08-01T17:27:51.391055" level="INFO">${item_id} = cms3lx8yb00095y5nw8xmt1wo</msg>
<var>${item_id}</var>
<arg>${resp.json()["categories"][0]["items"][0]["id"]}</arg>
<doc>Returns the given values which can then be assigned to a variables.</doc>
<status status="PASS" start="2026-08-01T17:27:51.390566" elapsed="0.000509"/>
</kw>
<kw name="Create List" owner="BuiltIn">
<msg time="2026-08-01T17:27:51.391329" level="INFO">${items_list} = []</msg>
<var>${items_list}</var>
<doc>Returns a list containing given items.</doc>
<status status="PASS" start="2026-08-01T17:27:51.391181" elapsed="0.000161"/>
</kw>
<kw name="Create Dictionary" owner="BuiltIn">
<msg time="2026-08-01T17:27:51.391739" level="INFO">${oi} = {'menuItemId': 'cms3lx8yb00095y5nw8xmt1wo', 'quantity': 1}</msg>
<var>${oi}</var>
<arg>menuItemId=${item_id}</arg>
<arg>quantity=${1}</arg>
<doc>Creates and returns a dictionary based on the given ``items``.</doc>
<status status="PASS" start="2026-08-01T17:27:51.391409" elapsed="0.000345"/>
</kw>
<kw name="Append To List" owner="Collections">
<arg>${items_list}</arg>
<arg>${oi}</arg>
<doc>Adds ``values`` to the end of ``list``.</doc>
<status status="PASS" start="2026-08-01T17:27:51.391813" elapsed="0.000107"/>
</kw>
<kw name="Create Dictionary" owner="BuiltIn">
<msg time="2026-08-01T17:27:51.392434" level="INFO">${body} = {'branchId': 'main-branch', 'orderType': 'TAKEAWAY', 'customerName': 'Pickup Code Test', 'customerPhone': '9800077005', 'items': [{'menuItemId': 'cms3lx8yb00095y5nw8xmt1wo', 'quantity': 1}], 'gstRate'...</msg>
<var>${body}</var>
<arg>branchId=${BRANCH_ID}</arg>
<arg>orderType=TAKEAWAY</arg>
<arg>customerName=Pickup Code Test</arg>
<arg>customerPhone=9800077005</arg>
<arg>items=${items_list}</arg>
<arg>gstRate=${5}</arg>
<doc>Creates and returns a dictionary based on the given ``items``.</doc>
<status status="PASS" start="2026-08-01T17:27:51.392034" elapsed="0.000422"/>
</kw>
<kw name="POST On Session" owner="RequestsLibrary">
<msg time="2026-08-01T17:27:51.404174" level="INFO">POST Request : url=http://localhost:3001/api/v1/orders/public 
 path_url=/api/v1/orders/public 
 headers={'User-Agent': 'python-requests/2.34.2', 'Accept-Encoding': 'gzip, deflate', 'Accept': '*/*', 'Connection': 'keep-alive', 'Content-Length': '204', 'Content-Type': 'application/json'} 
 body=b'{"branchId": "main-branch", "orderType": "TAKEAWAY", "customerName": "Pickup Code Test", "customerPhone": "9800077005", "items": [{"menuItemId": "cms3lx8yb00095y5nw8xmt1wo", "quantity": 1}], "gstRate": 5}' 
 </msg>
<msg time="2026-08-01T17:27:51.404265" level="INFO">POST Response : url=http://localhost:3001/api/v1/orders/public 
 status=201, reason=Created 
 headers={'X-Powered-By': 'Express', 'Vary': 'Origin', 'Access-Control-Allow-Credentials': 'true', 'X-RateLimit-Limit': '100', 'X-RateLimit-Remaining': '88', 'X-RateLimit-Reset': '58', 'Content-Type': 'application/json; charset=utf-8', 'Content-Length': '1402', 'ETag': 'W/"57a-Bl/fgaR59RLVyX2aVHAJ/n05j9w"', 'Date': 'Sat, 01 Aug 2026 11:57:51 GMT', 'Connection': 'keep-alive', 'Keep-Alive': 'timeout=5'} 
 body={"id":"cmsabhjfq0024bx4b4taeca8q","restaurantId":"cms3jrixh00009tvqjvci8i5y","branchId":"main-branch","tableId":null,"customerId":"cmsabcohj0017rmx92xyajlpv","orderNumber":"ORD-1785585471397-C881C4DC","status":"PENDING","orderType":"TAKEAWAY","subtotal":9.99,"tax":0.5,"discount":0,"discountType":"FLAT","serviceCharge":0,"gstRate":5,"gstAmount":0.5,"total":10.49,"paxCount":1,"paymentStatus":"UNPAID","notes":null,"rating":null,"deliveryAddress":null,"createdById":null,"pickupCode":"20DE45","scheduledFor":null,"deliveryFee":0,"packagingFee":0,"tip":0,"couponId":null,"couponDiscount":0,"loyaltyPointsEarned":0,"eta":null,"orderSource":"QR_TABLE","createdAt":"2026-08-01T11:57:51.398Z","updatedAt":"2026-08-01T11:57:51.398Z","table":null,"branch":{"id":"main-branch","name":"Main Branch"},"restaurant":{"name":"Pandas Kitchen"},"customer":{"id":"cmsabcohj0017rmx92xyajlpv","name":"Pickup Code Test","phone":"9800077005"},"items":[{"id":"cmsabhjfq0026bx4beatk74j9","orderId":"cmsabhjfq0024bx4b4taeca8q","menuItemId":"cms3lx8yb00095y5nw8xmt1wo","variantId":null,"variantName":null,"quantity":1,"unitPrice":9.99,"totalPrice":9.99,"notes":null,"createdAt":"2026-08-01T11:57:51.398Z","updatedAt":"2026-08-01T11:57:51.398Z","menuItem":{"id":"cms3lx8yb00095y5nw8xmt1wo","name":"Test Burger"},"addons":[],"name":"Test Burger"}],"totalAmount":10.49,"tableNumber":null,"branchName":"Main Branch","payments":[]} 
 </msg>
<msg time="2026-08-01T17:27:51.404374" level="INFO">${oresp} = &lt;Response [201]&gt;</msg>
<var>${oresp}</var>
<arg>api</arg>
<arg>/orders/public</arg>
<arg>json=${body}</arg>
<doc>Sends a POST request on a previously created HTTP Session.</doc>
<status status="PASS" start="2026-08-01T17:27:51.392540" elapsed="0.011852"/>
</kw>
<kw name="Assert Status" owner="keywords">
<kw name="Should Be Equal As Integers" owner="BuiltIn">
<msg time="2026-08-01T17:27:51.405750" level="INFO">Argument types are:
&lt;class 'int'&gt;
&lt;class 'str'&gt;</msg>
<arg>${resp.status_code}</arg>
<arg>${expected}</arg>
<arg>msg=Expected ${expected} got ${resp.status_code}: ${resp.text}</arg>
<doc>Fails if objects are unequal after converting them to integers.</doc>
<status status="PASS" start="2026-08-01T17:27:51.404774" elapsed="0.001049"/>
</kw>
<arg>${oresp}</arg>
<arg>201</arg>
<status status="PASS" start="2026-08-01T17:27:51.404554" elapsed="0.001346"/>
</kw>
<kw name="Staff Login And Get Token" owner="keywords">
<kw name="Create API Session" owner="keywords">
<kw name="Create Session" owner="RequestsLibrary">
<msg time="2026-08-01T17:27:51.406650" level="INFO">Creating Session using : alias=api, url=http://localhost:3001/api/v1, headers={},                     cookies={}, auth=None, timeout=None, proxies=None, verify=False,                     debug=0 </msg>
<arg>api</arg>
<arg>${API_URL}</arg>
<arg>verify=False</arg>
<doc>Create Session: create a HTTP session to a server</doc>
<status status="PASS" start="2026-08-01T17:27:51.406510" elapsed="0.000263"/>
</kw>
<status status="PASS" start="2026-08-01T17:27:51.406315" elapsed="0.000514"/>
</kw>
<kw name="Create Dictionary" owner="BuiltIn">
<msg time="2026-08-01T17:27:51.407179" level="INFO">${body} = {'email': 'admin@pandaskitchen.com', 'password': 'admin123'}</msg>
<var>${body}</var>
<arg>email=${STAFF_EMAIL}</arg>
<arg>password=${STAFF_PASSWORD}</arg>
<doc>Creates and returns a dictionary based on the given ``items``.</doc>
<status status="PASS" start="2026-08-01T17:27:51.406903" elapsed="0.000292"/>
</kw>
<kw name="POST On Session" owner="RequestsLibrary">
<msg time="2026-08-01T17:27:51.473380" level="INFO">POST Request : url=http://localhost:3001/api/v1/auth/login 
 path_url=/api/v1/auth/login 
 headers={'User-Agent': 'python-requests/2.34.2', 'Accept-Encoding': 'gzip, deflate', 'Accept': '*/*', 'Connection': 'keep-alive', 'Content-Length': '60', 'Content-Type': 'application/json'} 
 body=b'{"email": "admin@pandaskitchen.com", "password": "admin123"}' 
 </msg>
<msg time="2026-08-01T17:27:51.473445" level="INFO">POST Response : url=http://localhost:3001/api/v1/auth/login 
 status=201, reason=Created 
 headers={'X-Powered-By': 'Express', 'Vary': 'Origin', 'Access-Control-Allow-Credentials': 'true', 'X-RateLimit-Limit': '100', 'X-RateLimit-Remaining': '81', 'X-RateLimit-Reset': '58', 'Content-Type': 'application/json; charset=utf-8', 'Content-Length': '841', 'ETag': 'W/"349-2nX2uIZ2fx3o8LCj/i6Nk4jhY7s"', 'Date': 'Sat, 01 Aug 2026 11:57:51 GMT', 'Connection': 'keep-alive', 'Keep-Alive': 'timeout=5'} 
 body={"accessToken":"eyJhbGciOiJIUzI1NiIsInR5cCI6IkpXVCJ9.eyJzdWIiOiJjbXMzanJpemkwMDAyOXR2cWNudDNuZW5tIiwiZW1haWwiOiJhZG1pbkBwYW5kYXNraXRjaGVuLmNvbSIsInJvbGUiOiJSRVNUQVVSQU5UX09XTkVSIiwicmVzdGF1cmFudElkIjoiY21zM2pyaXhoMDAwMDl0dnFqdmNpOGk1eSIsImJyYW5jaElkIjoibWFpbi1icmFuY2giLCJpYXQiOjE3ODU1ODU0NzEsImV4cCI6MTc4NTU4NjM3MX0.V5C67jbZ2Hs4KXOFGCGXMysCSiXaDjP7Zu7MZ8x3KRs","refreshToken":"eyJhbGciOiJIUzI1NiIsInR5cCI6IkpXVCJ9.eyJzdWIiOiJjbXMzanJpemkwMDAyOXR2cWNudDNuZW5tIiwiZW1haWwiOiJhZG1pbkBwYW5kYXNraXRjaGVuLmNvbSIsInJvbGUiOiJSRVNUQVVSQU5UX09XTkVSIiwicmVzdGF1cmFudElkIjoiY21zM2pyaXhoMDAwMDl0dnFqdmNpOGk1eSIsImJyYW5jaElkIjoibWFpbi1icmFuY2giLCJpYXQiOjE3ODU1ODU0NzEsImV4cCI6MTc4ODE3NzQ3MX0.7XqJ2em0RlJfwDL1d94QA43CTB8zxB9eNCATXGCotyU","user":{"id":"cms3jrizi00029tvqcnt3nenm","name":"Admin","email":"admin@pandaskitchen.com","role":"RESTAURANT_OWNER"}} 
 </msg>
<msg time="2026-08-01T17:27:51.473534" level="INFO">${resp} = &lt;Response [201]&gt;</msg>
<var>${resp}</var>
<arg>api</arg>
<arg>/auth/login</arg>
<arg>json=${body}</arg>
<doc>Sends a POST request on a previously created HTTP Session.</doc>
<status status="PASS" start="2026-08-01T17:27:51.407257" elapsed="0.066293"/>
</kw>
<kw name="Should Be Equal As Integers" owner="BuiltIn">
<msg time="2026-08-01T17:27:51.474115" level="INFO">Argument types are:
&lt;class 'int'&gt;
&lt;class 'str'&gt;</msg>
<msg time="2026-08-01T17:27:51.474400" level="FAIL">201 != 200</msg>
<arg>${resp.status_code}</arg>
<arg>200</arg>
<doc>Fails if objects are unequal after converting them to integers.</doc>
<status status="FAIL" start="2026-08-01T17:27:51.473660" elapsed="0.000789">201 != 200</status>
</kw>
<kw name="Get From Dictionary" owner="Collections">
<var>${token}</var>
<arg>${resp.json()}</arg>
<arg>accessToken</arg>
<doc>Returns a value from the given ``dictionary`` based on the given ``key``.</doc>
<status status="NOT RUN" start="2026-08-01T17:27:51.474535" elapsed="0.000015"/>
</kw>
<return>
<value>${token}</value>
<status status="NOT RUN" start="2026-08-01T17:27:51.474620" elapsed="0.000013"/>
</return>
<var>${token}</var>
<status status="FAIL" start="2026-08-01T17:27:51.406119" elapsed="0.068583">201 != 200</status>
</kw>
<kw name="Get Auth Headers" owner="keywords">
<var>${headers}</var>
<arg>${token}</arg>
<status status="NOT RUN" start="2026-08-01T17:27:51.474857" elapsed="0.000022"/>
</kw>
<kw name="Create Dictionary" owner="BuiltIn">
<var>${status_body}</var>
<arg>status=CONFIRMED</arg>
<doc>Creates and returns a dictionary based on the given ``items``.</doc>
<status status="NOT RUN" start="2026-08-01T17:27:51.474971" elapsed="0.000011"/>
</kw>
<kw name="PATCH On Session" owner="RequestsLibrary">
<var>${sresp}</var>
<arg>api</arg>
<arg>/orders/${oresp.json()["id"]}/status</arg>
<arg>json=${status_body}</arg>
<arg>headers=${headers}</arg>
<doc>Sends a PATCH request on a previously created HTTP Session.</doc>
<status status="NOT RUN" start="2026-08-01T17:27:51.475052" elapsed="0.000010"/>
</kw>
<kw name="Assert Status" owner="keywords">
<arg>${sresp}</arg>
<arg>200</arg>
<status status="NOT RUN" start="2026-08-01T17:27:51.475158" elapsed="0.000013"/>
</kw>
<kw name="GET On Session" owner="RequestsLibrary">
<var>${track}</var>
<arg>api</arg>
<arg>/orders/${oresp.json()["id"]}/track</arg>
<doc>Sends a GET request on a previously created HTTP Session.</doc>
<status status="NOT RUN" start="2026-08-01T17:27:51.475224" elapsed="0.000010"/>
</kw>
<kw name="Assert Response Has Key" owner="keywords">
<arg>${track.json()}</arg>
<arg>pickupCode</arg>
<status status="NOT RUN" start="2026-08-01T17:27:51.475294" elapsed="0.000012"/>
</kw>
<kw name="Get From Dictionary" owner="Collections">
<var>${code}</var>
<arg>${track.json()}</arg>
<arg>pickupCode</arg>
<doc>Returns a value from the given ``dictionary`` based on the given ``key``.</doc>
<status status="NOT RUN" start="2026-08-01T17:27:51.475353" elapsed="0.000010"/>
</kw>
<kw name="Should Not Be Empty" owner="BuiltIn">
<arg>${code}</arg>
<arg>msg=Pickup code is empty after CONFIRMED</arg>
<doc>Verifies that the given item is not empty.</doc>
<status status="NOT RUN" start="2026-08-01T17:27:51.475411" elapsed="0.000010"/>
</kw>
<tag>orders</tag>
<tag>regression</tag>
<status status="FAIL" start="2026-08-01T17:27:51.379571" elapsed="0.095933">201 != 200</status>
</test>
<status status="FAIL" start="2026-08-01T17:27:51.105552" elapsed="0.370137"/>
</suite>
<status status="FAIL" start="2026-08-01T17:27:49.406557" elapsed="2.069458"/>
</suite>
<statistics>
<total>
<stat pass="28" fail="29" skip="0">All Tests</stat>
</total>
<tag>
<stat pass="0" fail="10" skip="0">admin</stat>
<stat pass="0" fail="1" skip="0">api</stat>
<stat pass="4" fail="3" skip="0">auth</stat>
<stat pass="4" fail="2" skip="0">billing</stat>
<stat pass="0" fail="1" skip="0">cart</stat>
<stat pass="1" fail="4" skip="0">coupons</stat>
<stat pass="2" fail="0" skip="0">critical</stat>
<stat pass="3" fail="7" skip="0">customer</stat>
<stat pass="0" fail="4" skip="0">inventory</stat>
<stat pass="2" fail="3" skip="0">loyalty</stat>
<stat pass="5" fail="4" skip="0">menu</stat>
<stat pass="9" fail="2" skip="0">negative</stat>
<stat pass="10" fail="8" skip="0">orders</stat>
<stat pass="1" fail="0" skip="0">performance</stat>
<stat pass="6" fail="1" skip="0">public</stat>
<stat pass="0" fail="1" skip="0">rbac</stat>
<stat pass="10" fail="7" skip="0">regression</stat>
<stat pass="3" fail="1" skip="0">security</stat>
<stat pass="5" fail="1" skip="0">settings</stat>
<stat pass="9" fail="9" skip="0">smoke</stat>
<stat pass="4" fail="1" skip="0">validation</stat>
</tag>
<suite>
<stat name="Api" id="s1" pass="28" fail="29" skip="0">Api</stat>
<stat name="01 Auth" id="s1-s1" pass="4" fail="3" skip="0">Api.01 Auth</stat>
<stat name="02 Menu" id="s1-s2" pass="4" fail="4" skip="0">Api.02 Menu</stat>
<stat name="03 Orders" id="s1-s3" pass="8" fail="7" skip="0">Api.03 Orders</stat>
<stat name="04 Settings Inventory" id="s1-s4" pass="3" fail="5" skip="0">Api.04 Settings Inventory</stat>
<stat name="05 Customers" id="s1-s5" pass="3" fail="6" skip="0">Api.05 Customers</stat>
<stat name="06 Regression" id="s1-s6" pass="6" fail="4" skip="0">Api.06 Regression</stat>
</suite>
</statistics>
<errors>
<msg time="2026-08-01T17:27:50.512195" level="WARN">You might have an = symbol in url. You better place 'url=' before, example: 'url=/your-url/foo?param=a' or use '/your-url/foo  params=param=a' or escape it</msg>
<msg time="2026-08-01T17:27:50.513219" level="WARN">You might have an = symbol in url. You better place 'url=' before, example: 'url=/your-url/foo?param=a' or use '/your-url/foo  params=param=a' or escape it</msg>
</errors>
</robot>
